2025-05-21 16:47:43,704 - INFO - file_cache is only supported with oauth2client<4.0.0
2025-05-21 16:47:43,707 - DEBUG - URL being requested: GET https://www.googleapis.com/calendar/v3/calendars/b3c903b1ee4cc103e02c7de57b397bd3f0afedd8077555d8242af43061729641%40group.calendar.google.com?alt=json
2025-05-21 16:47:43,707 - DEBUG - Making request: POST https://oauth2.googleapis.com/token
2025-05-21 16:47:46,119 - DEBUG - HTTP Request: POST https://api.notion.com/v1/databases/235f5aaf73f44d15a7faa2f9a2bd8ff7/query "HTTP/1.1 200 OK"
2025-05-21 16:47:46,119 - DEBUG - 
2025-05-21 16:47:46,119 - INFO - Nothing new added to GCal
2025-05-21 16:47:46,575 - DEBUG - HTTP Request: POST https://api.notion.com/v1/databases/235f5aaf73f44d15a7faa2f9a2bd8ff7/query "HTTP/1.1 200 OK"
2025-05-21 16:47:46,864 - DEBUG - HTTP Request: POST https://api.notion.com/v1/databases/235f5aaf73f44d15a7faa2f9a2bd8ff7/query "HTTP/1.1 200 OK"
2025-05-21 16:47:46,864 - INFO - Nothing new updated to GCal
2025-05-21 16:47:47,352 - DEBUG - HTTP Request: POST https://api.notion.com/v1/databases/235f5aaf73f44d15a7faa2f9a2bd8ff7/query "HTTP/1.1 200 OK"
2025-05-21 16:47:47,356 - DEBUG - Trying Other things for gu7a7v2v3qipfnm82gn6dsc09c
2025-05-21 16:47:47,360 - DEBUG - URL being requested: GET https://www.googleapis.com/calendar/v3/calendars/b3c903b1ee4cc103e02c7de57b397bd3f0afedd8077555d8242af43061729641%40group.calendar.google.com/events/gu7a7v2v3qipfnm82gn6dsc09c?alt=json
2025-05-21 16:47:47,530 - DEBUG - Trying Research for gu7a7v2v3qipfnm82gn6dsc09c
2025-05-21 16:47:47,532 - DEBUG - URL being requested: GET https://www.googleapis.com/calendar/v3/calendars/b7a52282f7a24e40065189a7382c1140018cc3b4d2d01813daa9218af3411937%40group.calendar.google.com/events/gu7a7v2v3qipfnm82gn6dsc09c?alt=json
2025-05-21 16:47:47,640 - ERROR - Event not found
2025-05-21 16:47:47,640 - DEBUG - {'kind': 'calendar#event', 'etag': '"3495719214831742"', 'id': 'gu7a7v2v3qipfnm82gn6dsc09c', 'status': 'confirmed', 'htmlLink': 'https://www.google.com/calendar/event?eid=Z3U3YTd2MnYzcWlwZm5tODJnbjZkc2MwOWMgYjNjOTAzYjFlZTRjYzEwM2UwMmM3ZGU1N2IzOTdiZDNmMGFmZWRkODA3NzU1NWQ4MjQyYWY0MzA2MTcyOTY0MUBn', 'created': '2025-05-21T20:33:27.000Z', 'updated': '2025-05-21T20:33:27.415Z', 'summary': 'McGill Course Registration', 'description': 'Initiative: Other things \n ', 'creator': {'email': 'chloelegue@gmail.com'}, 'organizer': {'email': 'b3c903b1ee4cc103e02c7de57b397bd3f0afedd8077555d8242af43061729641@group.calendar.google.com', 'displayName': 'Notion Calendar', 'self': True}, 'start': {'dateTime': '2025-05-28T08:20:00-04:00', 'timeZone': 'America/New_York'}, 'end': {'dateTime': '2025-05-28T09:00:00-04:00', 'timeZone': 'America/New_York'}, 'iCalUID': 'gu7a7v2v3qipfnm82gn6dsc09c@google.com', 'sequence': 0, 'reminders': {'useDefault': True}, 'source': {'url': 'https://www.notion.so/235f5aaf73f44d15a7faa2f9a2bd8ff7?v=849eba754d11487892c5b22c9d22281a&p=1fa7a350bbf081989423caee444bd350', 'title': 'Notion Link'}, 'eventType': 'default'}
2025-05-21 16:47:47,641 - DEBUG - Trying Other things for 1gva3lkbgs71k0ocsolv1sqs9o
2025-05-21 16:47:47,644 - DEBUG - URL being requested: GET https://www.googleapis.com/calendar/v3/calendars/b3c903b1ee4cc103e02c7de57b397bd3f0afedd8077555d8242af43061729641%40group.calendar.google.com/events/1gva3lkbgs71k0ocsolv1sqs9o?alt=json
2025-05-21 16:47:47,763 - ERROR - Event not found
2025-05-21 16:47:47,763 - DEBUG - Trying Research for 1gva3lkbgs71k0ocsolv1sqs9o
2025-05-21 16:47:47,766 - DEBUG - URL being requested: GET https://www.googleapis.com/calendar/v3/calendars/b7a52282f7a24e40065189a7382c1140018cc3b4d2d01813daa9218af3411937%40group.calendar.google.com/events/1gva3lkbgs71k0ocsolv1sqs9o?alt=json
2025-05-21 16:47:47,921 - DEBUG - {'kind': 'calendar#event', 'etag': '"3495719222681822"', 'id': '1gva3lkbgs71k0ocsolv1sqs9o', 'status': 'confirmed', 'htmlLink': 'https://www.google.com/calendar/event?eid=MWd2YTNsa2JnczcxazBvY3NvbHYxc3FzOW8gYjdhNTIyODJmN2EyNGU0MDA2NTE4OWE3MzgyYzExNDAwMThjYzNiNGQyZDAxODEzZGFhOTIxOGFmMzQxMTkzN0Bn', 'created': '2025-05-21T20:33:31.000Z', 'updated': '2025-05-21T20:33:31.340Z', 'summary': 'Basecat2 Meeting', 'description': 'Initiative: Research \n ', 'creator': {'email': 'chloelegue@gmail.com'}, 'organizer': {'email': 'b7a52282f7a24e40065189a7382c1140018cc3b4d2d01813daa9218af3411937@group.calendar.google.com', 'displayName': 'Research', 'self': True}, 'start': {'dateTime': '2025-05-26T10:00:00-04:00', 'timeZone': 'America/New_York'}, 'end': {'dateTime': '2025-05-26T11:00:00-04:00', 'timeZone': 'America/New_York'}, 'iCalUID': '1gva3lkbgs71k0ocsolv1sqs9o@google.com', 'sequence': 0, 'reminders': {'useDefault': True}, 'source': {'url': 'https://www.notion.so/235f5aaf73f44d15a7faa2f9a2bd8ff7?v=849eba754d11487892c5b22c9d22281a&p=1fa7a350bbf081e58f97ff78d77994b2', 'title': 'Notion Link'}, 'eventType': 'default'}
2025-05-21 16:47:47,921 - DEBUG - Trying Other things for kcoqq2gpp7f9fdslu8nd52itq0
2025-05-21 16:47:47,923 - DEBUG - URL being requested: GET https://www.googleapis.com/calendar/v3/calendars/b3c903b1ee4cc103e02c7de57b397bd3f0afedd8077555d8242af43061729641%40group.calendar.google.com/events/kcoqq2gpp7f9fdslu8nd52itq0?alt=json
2025-05-21 16:47:48,032 - ERROR - Event not found
2025-05-21 16:47:48,032 - DEBUG - Trying Research for kcoqq2gpp7f9fdslu8nd52itq0
2025-05-21 16:47:48,034 - DEBUG - URL being requested: GET https://www.googleapis.com/calendar/v3/calendars/b7a52282f7a24e40065189a7382c1140018cc3b4d2d01813daa9218af3411937%40group.calendar.google.com/events/kcoqq2gpp7f9fdslu8nd52itq0?alt=json
2025-05-21 16:47:48,204 - DEBUG - {'kind': 'calendar#event', 'etag': '"3495719234843006"', 'id': 'kcoqq2gpp7f9fdslu8nd52itq0', 'status': 'confirmed', 'htmlLink': 'https://www.google.com/calendar/event?eid=a2NvcXEyZ3BwN2Y5ZmRzbHU4bmQ1Mml0cTAgYjdhNTIyODJmN2EyNGU0MDA2NTE4OWE3MzgyYzExNDAwMThjYzNiNGQyZDAxODEzZGFhOTIxOGFmMzQxMTkzN0Bn', 'created': '2025-05-21T20:33:37.000Z', 'updated': '2025-05-21T20:33:37.421Z', 'summary': 'Group Meeting', 'description': 'Research', 'creator': {'email': 'chloelegue@gmail.com'}, 'organizer': {'email': 'b7a52282f7a24e40065189a7382c1140018cc3b4d2d01813daa9218af3411937@group.calendar.google.com', 'displayName': 'Research', 'self': True}, 'start': {'dateTime': '2025-05-22T11:30:00-04:00', 'timeZone': 'America/New_York'}, 'end': {'dateTime': '2025-05-22T13:00:00-04:00', 'timeZone': 'America/New_York'}, 'iCalUID': 'kcoqq2gpp7f9fdslu8nd52itq0@google.com', 'sequence': 0, 'reminders': {'useDefault': True}, 'source': {'url': 'https://www.notion.so/235f5aaf73f44d15a7faa2f9a2bd8ff7?v=849eba754d11487892c5b22c9d22281a&p=1fa7a350bbf080af9ee4fe3a511af813', 'title': 'Notion Link'}, 'eventType': 'default'}
2025-05-21 16:47:48,205 - DEBUG - New Notion Start times: ['', '', '']
2025-05-21 16:47:48,205 - DEBUG - New Notion Stop times: ['', '', '']
2025-05-21 16:47:48,205 - DEBUG - 2025-05-28 08:20:00 2025-05-28 08:20:00 gu7a7v2v3qipfnm82gn6dsc09c
2025-05-21 16:47:48,205 - DEBUG - 2025-05-26 10:00:00 2025-05-26 10:00:00 1gva3lkbgs71k0ocsolv1sqs9o
2025-05-21 16:47:48,205 - DEBUG - 2025-05-22 11:30:00 2025-05-22 11:30:00 kcoqq2gpp7f9fdslu8nd52itq0
2025-05-21 16:47:48,205 - DEBUG - ['1fa7a350-bbf0-8198-9423-caee444bd350', '1fa7a350-bbf0-81e5-8f97-ff78d77994b2', '1fa7a350-bbf0-80af-9ee4-fe3a511af813']
2025-05-21 16:47:48,205 - DEBUG - ['Other things', 'Research', 'Research']
2025-05-21 16:47:48,205 - DEBUG - GcalId: Other things
2025-05-21 16:47:48,205 - DEBUG - 1fa7a350-bbf0-8198-9423-caee444bd350
2025-05-21 16:47:50,478 - DEBUG - HTTP Request: PATCH https://api.notion.com/v1/pages/1fa7a350-bbf0-8198-9423-caee444bd350 "HTTP/1.1 200 OK"
2025-05-21 16:47:50,479 - DEBUG - GcalId: Research
2025-05-21 16:47:50,479 - DEBUG - 1fa7a350-bbf0-81e5-8f97-ff78d77994b2
2025-05-21 16:47:56,132 - DEBUG - HTTP Request: PATCH https://api.notion.com/v1/pages/1fa7a350-bbf0-81e5-8f97-ff78d77994b2 "HTTP/1.1 200 OK"
2025-05-21 16:47:56,379 - DEBUG - GcalId: Research
2025-05-21 16:47:56,379 - DEBUG - 1fa7a350-bbf0-80af-9ee4-fe3a511af813
2025-05-21 16:47:56,956 - DEBUG - HTTP Request: PATCH https://api.notion.com/v1/pages/1fa7a350-bbf0-80af-9ee4-fe3a511af813 "HTTP/1.1 200 OK"
2025-05-21 16:47:57,343 - DEBUG - HTTP Request: POST https://api.notion.com/v1/databases/235f5aaf73f44d15a7faa2f9a2bd8ff7/query "HTTP/1.1 200 OK"
2025-05-21 16:47:57,683 - DEBUG - HTTP Request: POST https://api.notion.com/v1/databases/235f5aaf73f44d15a7faa2f9a2bd8ff7/query "HTTP/1.1 200 OK"
2025-05-21 16:47:57,689 - DEBUG - URL being requested: GET https://www.googleapis.com/calendar/v3/calendars/b3c903b1ee4cc103e02c7de57b397bd3f0afedd8077555d8242af43061729641%40group.calendar.google.com/events?maxResults=2000&timeMin=2025-05-21T16%3A47%3A57-04%3A00&alt=json
2025-05-21 16:47:57,882 - DEBUG - URL being requested: GET https://www.googleapis.com/calendar/v3/calendars/b7a52282f7a24e40065189a7382c1140018cc3b4d2d01813daa9218af3411937%40group.calendar.google.com/events?maxResults=2000&timeMin=2025-05-21T16%3A47%3A57-04%3A00&alt=json
2025-05-21 16:47:58,062 - DEBUG - [{'kind': 'calendar#event', 'etag': '"3495719214831742"', 'id': 'gu7a7v2v3qipfnm82gn6dsc09c', 'status': 'confirmed', 'htmlLink': 'https://www.google.com/calendar/event?eid=Z3U3YTd2MnYzcWlwZm5tODJnbjZkc2MwOWMgYjNjOTAzYjFlZTRjYzEwM2UwMmM3ZGU1N2IzOTdiZDNmMGFmZWRkODA3NzU1NWQ4MjQyYWY0MzA2MTcyOTY0MUBn', 'created': '2025-05-21T20:33:27.000Z', 'updated': '2025-05-21T20:33:27.415Z', 'summary': 'McGill Course Registration', 'description': 'Initiative: Other things \n ', 'creator': {'email': 'chloelegue@gmail.com'}, 'organizer': {'email': 'b3c903b1ee4cc103e02c7de57b397bd3f0afedd8077555d8242af43061729641@group.calendar.google.com', 'displayName': 'Notion Calendar', 'self': True}, 'start': {'dateTime': '2025-05-28T08:20:00-04:00', 'timeZone': 'America/New_York'}, 'end': {'dateTime': '2025-05-28T09:00:00-04:00', 'timeZone': 'America/New_York'}, 'iCalUID': 'gu7a7v2v3qipfnm82gn6dsc09c@google.com', 'sequence': 0, 'reminders': {'useDefault': True}, 'source': {'url': 'https://www.notion.so/235f5aaf73f44d15a7faa2f9a2bd8ff7?v=849eba754d11487892c5b22c9d22281a&p=1fa7a350bbf081989423caee444bd350', 'title': 'Notion Link'}, 'eventType': 'default'}, {'kind': 'calendar#event', 'etag': '"3495719222681822"', 'id': '1gva3lkbgs71k0ocsolv1sqs9o', 'status': 'confirmed', 'htmlLink': 'https://www.google.com/calendar/event?eid=MWd2YTNsa2JnczcxazBvY3NvbHYxc3FzOW8gYjdhNTIyODJmN2EyNGU0MDA2NTE4OWE3MzgyYzExNDAwMThjYzNiNGQyZDAxODEzZGFhOTIxOGFmMzQxMTkzN0Bn', 'created': '2025-05-21T20:33:31.000Z', 'updated': '2025-05-21T20:33:31.340Z', 'summary': 'Basecat2 Meeting', 'description': 'Initiative: Research \n ', 'creator': {'email': 'chloelegue@gmail.com'}, 'organizer': {'email': 'b7a52282f7a24e40065189a7382c1140018cc3b4d2d01813daa9218af3411937@group.calendar.google.com', 'displayName': 'Research', 'self': True}, 'start': {'dateTime': '2025-05-26T10:00:00-04:00', 'timeZone': 'America/New_York'}, 'end': {'dateTime': '2025-05-26T11:00:00-04:00', 'timeZone': 'America/New_York'}, 'iCalUID': '1gva3lkbgs71k0ocsolv1sqs9o@google.com', 'sequence': 0, 'reminders': {'useDefault': True}, 'source': {'url': 'https://www.notion.so/235f5aaf73f44d15a7faa2f9a2bd8ff7?v=849eba754d11487892c5b22c9d22281a&p=1fa7a350bbf081e58f97ff78d77994b2', 'title': 'Notion Link'}, 'eventType': 'default'}, {'kind': 'calendar#event', 'etag': '"3495719234843006"', 'id': 'kcoqq2gpp7f9fdslu8nd52itq0', 'status': 'confirmed', 'htmlLink': 'https://www.google.com/calendar/event?eid=a2NvcXEyZ3BwN2Y5ZmRzbHU4bmQ1Mml0cTAgYjdhNTIyODJmN2EyNGU0MDA2NTE4OWE3MzgyYzExNDAwMThjYzNiNGQyZDAxODEzZGFhOTIxOGFmMzQxMTkzN0Bn', 'created': '2025-05-21T20:33:37.000Z', 'updated': '2025-05-21T20:33:37.421Z', 'summary': 'Group Meeting', 'description': 'Research', 'creator': {'email': 'chloelegue@gmail.com'}, 'organizer': {'email': 'b7a52282f7a24e40065189a7382c1140018cc3b4d2d01813daa9218af3411937@group.calendar.google.com', 'displayName': 'Research', 'self': True}, 'start': {'dateTime': '2025-05-22T11:30:00-04:00', 'timeZone': 'America/New_York'}, 'end': {'dateTime': '2025-05-22T13:00:00-04:00', 'timeZone': 'America/New_York'}, 'iCalUID': 'kcoqq2gpp7f9fdslu8nd52itq0@google.com', 'sequence': 0, 'reminders': {'useDefault': True}, 'source': {'url': 'https://www.notion.so/235f5aaf73f44d15a7faa2f9a2bd8ff7?v=849eba754d11487892c5b22c9d22281a&p=1fa7a350bbf080af9ee4fe3a511af813', 'title': 'Notion Link'}, 'eventType': 'default'}]
2025-05-21 16:47:58,292 - DEBUG - HTTP Request: POST https://api.notion.com/v1/databases/235f5aaf73f44d15a7faa2f9a2bd8ff7/query "HTTP/1.1 200 OK"
2025-05-21 16:49:51,672 - INFO - Starting Sync
2025-05-21 16:49:51,678 - INFO - file_cache is only supported with oauth2client<4.0.0
2025-05-21 16:49:51,681 - DEBUG - URL being requested: GET https://www.googleapis.com/calendar/v3/calendars/b3c903b1ee4cc103e02c7de57b397bd3f0afedd8077555d8242af43061729641%40group.calendar.google.com?alt=json
2025-05-21 16:49:51,681 - DEBUG - Making request: POST https://oauth2.googleapis.com/token
2025-05-21 16:49:54,280 - DEBUG - HTTP Request: POST https://api.notion.com/v1/databases/235f5aaf73f44d15a7faa2f9a2bd8ff7/query "HTTP/1.1 200 OK"
2025-05-21 16:49:54,282 - DEBUG - 
2025-05-21 16:49:54,282 - INFO - Nothing new added to GCal
2025-05-21 16:49:54,524 - DEBUG - HTTP Request: POST https://api.notion.com/v1/databases/235f5aaf73f44d15a7faa2f9a2bd8ff7/query "HTTP/1.1 200 OK"
2025-05-21 16:49:55,003 - DEBUG - HTTP Request: POST https://api.notion.com/v1/databases/235f5aaf73f44d15a7faa2f9a2bd8ff7/query "HTTP/1.1 200 OK"
2025-05-21 16:49:55,003 - INFO - Nothing new updated to GCal
2025-05-21 16:49:55,341 - DEBUG - HTTP Request: POST https://api.notion.com/v1/databases/235f5aaf73f44d15a7faa2f9a2bd8ff7/query "HTTP/1.1 200 OK"
2025-05-21 16:49:55,344 - DEBUG - Trying Other things for gu7a7v2v3qipfnm82gn6dsc09c
2025-05-21 16:49:55,349 - DEBUG - URL being requested: GET https://www.googleapis.com/calendar/v3/calendars/b3c903b1ee4cc103e02c7de57b397bd3f0afedd8077555d8242af43061729641%40group.calendar.google.com/events/gu7a7v2v3qipfnm82gn6dsc09c?alt=json
2025-05-21 16:49:55,542 - DEBUG - Trying Research for gu7a7v2v3qipfnm82gn6dsc09c
2025-05-21 16:49:55,547 - DEBUG - URL being requested: GET https://www.googleapis.com/calendar/v3/calendars/b7a52282f7a24e40065189a7382c1140018cc3b4d2d01813daa9218af3411937%40group.calendar.google.com/events/gu7a7v2v3qipfnm82gn6dsc09c?alt=json
2025-05-21 16:49:55,676 - ERROR - Event not found
2025-05-21 16:49:55,677 - DEBUG - {'kind': 'calendar#event', 'etag': '"3495719214831742"', 'id': 'gu7a7v2v3qipfnm82gn6dsc09c', 'status': 'confirmed', 'htmlLink': 'https://www.google.com/calendar/event?eid=Z3U3YTd2MnYzcWlwZm5tODJnbjZkc2MwOWMgYjNjOTAzYjFlZTRjYzEwM2UwMmM3ZGU1N2IzOTdiZDNmMGFmZWRkODA3NzU1NWQ4MjQyYWY0MzA2MTcyOTY0MUBn', 'created': '2025-05-21T20:33:27.000Z', 'updated': '2025-05-21T20:33:27.415Z', 'summary': 'McGill Course Registration', 'description': 'Initiative: Other things \n ', 'creator': {'email': 'chloelegue@gmail.com'}, 'organizer': {'email': 'b3c903b1ee4cc103e02c7de57b397bd3f0afedd8077555d8242af43061729641@group.calendar.google.com', 'displayName': 'Notion Calendar', 'self': True}, 'start': {'dateTime': '2025-05-28T08:20:00-04:00', 'timeZone': 'America/New_York'}, 'end': {'dateTime': '2025-05-28T09:00:00-04:00', 'timeZone': 'America/New_York'}, 'iCalUID': 'gu7a7v2v3qipfnm82gn6dsc09c@google.com', 'sequence': 0, 'reminders': {'useDefault': True}, 'source': {'url': 'https://www.notion.so/235f5aaf73f44d15a7faa2f9a2bd8ff7?v=849eba754d11487892c5b22c9d22281a&p=1fa7a350bbf081989423caee444bd350', 'title': 'Notion Link'}, 'eventType': 'default'}
2025-05-21 16:49:55,678 - DEBUG - Trying Other things for 1gva3lkbgs71k0ocsolv1sqs9o
2025-05-21 16:49:55,682 - DEBUG - URL being requested: GET https://www.googleapis.com/calendar/v3/calendars/b3c903b1ee4cc103e02c7de57b397bd3f0afedd8077555d8242af43061729641%40group.calendar.google.com/events/1gva3lkbgs71k0ocsolv1sqs9o?alt=json
2025-05-21 16:49:55,806 - ERROR - Event not found
2025-05-21 16:49:55,806 - DEBUG - Trying Research for 1gva3lkbgs71k0ocsolv1sqs9o
2025-05-21 16:49:55,812 - DEBUG - URL being requested: GET https://www.googleapis.com/calendar/v3/calendars/b7a52282f7a24e40065189a7382c1140018cc3b4d2d01813daa9218af3411937%40group.calendar.google.com/events/1gva3lkbgs71k0ocsolv1sqs9o?alt=json
2025-05-21 16:49:55,995 - DEBUG - {'kind': 'calendar#event', 'etag': '"3495719222681822"', 'id': '1gva3lkbgs71k0ocsolv1sqs9o', 'status': 'confirmed', 'htmlLink': 'https://www.google.com/calendar/event?eid=MWd2YTNsa2JnczcxazBvY3NvbHYxc3FzOW8gYjdhNTIyODJmN2EyNGU0MDA2NTE4OWE3MzgyYzExNDAwMThjYzNiNGQyZDAxODEzZGFhOTIxOGFmMzQxMTkzN0Bn', 'created': '2025-05-21T20:33:31.000Z', 'updated': '2025-05-21T20:33:31.340Z', 'summary': 'Basecat2 Meeting', 'description': 'Initiative: Research \n ', 'creator': {'email': 'chloelegue@gmail.com'}, 'organizer': {'email': 'b7a52282f7a24e40065189a7382c1140018cc3b4d2d01813daa9218af3411937@group.calendar.google.com', 'displayName': 'Research', 'self': True}, 'start': {'dateTime': '2025-05-26T10:00:00-04:00', 'timeZone': 'America/New_York'}, 'end': {'dateTime': '2025-05-26T11:00:00-04:00', 'timeZone': 'America/New_York'}, 'iCalUID': '1gva3lkbgs71k0ocsolv1sqs9o@google.com', 'sequence': 0, 'reminders': {'useDefault': True}, 'source': {'url': 'https://www.notion.so/235f5aaf73f44d15a7faa2f9a2bd8ff7?v=849eba754d11487892c5b22c9d22281a&p=1fa7a350bbf081e58f97ff78d77994b2', 'title': 'Notion Link'}, 'eventType': 'default'}
2025-05-21 16:49:55,995 - DEBUG - Trying Other things for kcoqq2gpp7f9fdslu8nd52itq0
2025-05-21 16:49:55,997 - DEBUG - URL being requested: GET https://www.googleapis.com/calendar/v3/calendars/b3c903b1ee4cc103e02c7de57b397bd3f0afedd8077555d8242af43061729641%40group.calendar.google.com/events/kcoqq2gpp7f9fdslu8nd52itq0?alt=json
2025-05-21 16:49:56,094 - ERROR - Event not found
2025-05-21 16:49:56,094 - DEBUG - Trying Research for kcoqq2gpp7f9fdslu8nd52itq0
2025-05-21 16:49:56,099 - DEBUG - URL being requested: GET https://www.googleapis.com/calendar/v3/calendars/b7a52282f7a24e40065189a7382c1140018cc3b4d2d01813daa9218af3411937%40group.calendar.google.com/events/kcoqq2gpp7f9fdslu8nd52itq0?alt=json
2025-05-21 16:49:56,273 - DEBUG - {'kind': 'calendar#event', 'etag': '"3495719234843006"', 'id': 'kcoqq2gpp7f9fdslu8nd52itq0', 'status': 'confirmed', 'htmlLink': 'https://www.google.com/calendar/event?eid=a2NvcXEyZ3BwN2Y5ZmRzbHU4bmQ1Mml0cTAgYjdhNTIyODJmN2EyNGU0MDA2NTE4OWE3MzgyYzExNDAwMThjYzNiNGQyZDAxODEzZGFhOTIxOGFmMzQxMTkzN0Bn', 'created': '2025-05-21T20:33:37.000Z', 'updated': '2025-05-21T20:33:37.421Z', 'summary': 'Group Meeting', 'description': 'Research', 'creator': {'email': 'chloelegue@gmail.com'}, 'organizer': {'email': 'b7a52282f7a24e40065189a7382c1140018cc3b4d2d01813daa9218af3411937@group.calendar.google.com', 'displayName': 'Research', 'self': True}, 'start': {'dateTime': '2025-05-22T11:30:00-04:00', 'timeZone': 'America/New_York'}, 'end': {'dateTime': '2025-05-22T13:00:00-04:00', 'timeZone': 'America/New_York'}, 'iCalUID': 'kcoqq2gpp7f9fdslu8nd52itq0@google.com', 'sequence': 0, 'reminders': {'useDefault': True}, 'source': {'url': 'https://www.notion.so/235f5aaf73f44d15a7faa2f9a2bd8ff7?v=849eba754d11487892c5b22c9d22281a&p=1fa7a350bbf080af9ee4fe3a511af813', 'title': 'Notion Link'}, 'eventType': 'default'}
2025-05-21 16:49:56,274 - DEBUG - New Notion Start times: ['', '', '']
2025-05-21 16:49:56,274 - DEBUG - New Notion Stop times: ['', '', '']
2025-05-21 16:49:56,274 - DEBUG - 2025-05-28 08:20:00 2025-05-28 08:20:00 gu7a7v2v3qipfnm82gn6dsc09c
2025-05-21 16:49:56,274 - DEBUG - 2025-05-26 10:00:00 2025-05-26 10:00:00 1gva3lkbgs71k0ocsolv1sqs9o
2025-05-21 16:49:56,274 - DEBUG - 2025-05-22 11:30:00 2025-05-22 11:30:00 kcoqq2gpp7f9fdslu8nd52itq0
2025-05-21 16:49:56,274 - DEBUG - ['1fa7a350-bbf0-8198-9423-caee444bd350', '1fa7a350-bbf0-81e5-8f97-ff78d77994b2', '1fa7a350-bbf0-80af-9ee4-fe3a511af813']
2025-05-21 16:49:56,274 - DEBUG - ['Other things', 'Research', 'Research']
2025-05-21 16:49:56,275 - DEBUG - GcalId: Other things
2025-05-21 16:49:56,275 - DEBUG - 1fa7a350-bbf0-8198-9423-caee444bd350
2025-05-21 16:49:57,282 - DEBUG - HTTP Request: PATCH https://api.notion.com/v1/pages/1fa7a350-bbf0-8198-9423-caee444bd350 "HTTP/1.1 200 OK"
2025-05-21 16:49:57,283 - DEBUG - GcalId: Research
2025-05-21 16:49:57,283 - DEBUG - 1fa7a350-bbf0-81e5-8f97-ff78d77994b2
2025-05-21 16:49:57,874 - DEBUG - HTTP Request: PATCH https://api.notion.com/v1/pages/1fa7a350-bbf0-81e5-8f97-ff78d77994b2 "HTTP/1.1 200 OK"
2025-05-21 16:49:57,892 - DEBUG - GcalId: Research
2025-05-21 16:49:57,893 - DEBUG - 1fa7a350-bbf0-80af-9ee4-fe3a511af813
2025-05-21 16:49:58,558 - DEBUG - HTTP Request: PATCH https://api.notion.com/v1/pages/1fa7a350-bbf0-80af-9ee4-fe3a511af813 "HTTP/1.1 200 OK"
2025-05-21 16:49:59,052 - DEBUG - HTTP Request: POST https://api.notion.com/v1/databases/235f5aaf73f44d15a7faa2f9a2bd8ff7/query "HTTP/1.1 200 OK"
2025-05-21 16:49:59,340 - DEBUG - HTTP Request: POST https://api.notion.com/v1/databases/235f5aaf73f44d15a7faa2f9a2bd8ff7/query "HTTP/1.1 200 OK"
2025-05-21 16:49:59,347 - DEBUG - URL being requested: GET https://www.googleapis.com/calendar/v3/calendars/b3c903b1ee4cc103e02c7de57b397bd3f0afedd8077555d8242af43061729641%40group.calendar.google.com/events?maxResults=2000&timeMin=2025-05-21T16%3A49%3A59-04%3A00&alt=json
2025-05-21 16:49:59,516 - DEBUG - URL being requested: GET https://www.googleapis.com/calendar/v3/calendars/b7a52282f7a24e40065189a7382c1140018cc3b4d2d01813daa9218af3411937%40group.calendar.google.com/events?maxResults=2000&timeMin=2025-05-21T16%3A49%3A59-04%3A00&alt=json
2025-05-21 16:49:59,687 - DEBUG - [{'kind': 'calendar#event', 'etag': '"3495719214831742"', 'id': 'gu7a7v2v3qipfnm82gn6dsc09c', 'status': 'confirmed', 'htmlLink': 'https://www.google.com/calendar/event?eid=Z3U3YTd2MnYzcWlwZm5tODJnbjZkc2MwOWMgYjNjOTAzYjFlZTRjYzEwM2UwMmM3ZGU1N2IzOTdiZDNmMGFmZWRkODA3NzU1NWQ4MjQyYWY0MzA2MTcyOTY0MUBn', 'created': '2025-05-21T20:33:27.000Z', 'updated': '2025-05-21T20:33:27.415Z', 'summary': 'McGill Course Registration', 'description': 'Initiative: Other things \n ', 'creator': {'email': 'chloelegue@gmail.com'}, 'organizer': {'email': 'b3c903b1ee4cc103e02c7de57b397bd3f0afedd8077555d8242af43061729641@group.calendar.google.com', 'displayName': 'Notion Calendar', 'self': True}, 'start': {'dateTime': '2025-05-28T08:20:00-04:00', 'timeZone': 'America/New_York'}, 'end': {'dateTime': '2025-05-28T09:00:00-04:00', 'timeZone': 'America/New_York'}, 'iCalUID': 'gu7a7v2v3qipfnm82gn6dsc09c@google.com', 'sequence': 0, 'reminders': {'useDefault': True}, 'source': {'url': 'https://www.notion.so/235f5aaf73f44d15a7faa2f9a2bd8ff7?v=849eba754d11487892c5b22c9d22281a&p=1fa7a350bbf081989423caee444bd350', 'title': 'Notion Link'}, 'eventType': 'default'}, {'kind': 'calendar#event', 'etag': '"3495719222681822"', 'id': '1gva3lkbgs71k0ocsolv1sqs9o', 'status': 'confirmed', 'htmlLink': 'https://www.google.com/calendar/event?eid=MWd2YTNsa2JnczcxazBvY3NvbHYxc3FzOW8gYjdhNTIyODJmN2EyNGU0MDA2NTE4OWE3MzgyYzExNDAwMThjYzNiNGQyZDAxODEzZGFhOTIxOGFmMzQxMTkzN0Bn', 'created': '2025-05-21T20:33:31.000Z', 'updated': '2025-05-21T20:33:31.340Z', 'summary': 'Basecat2 Meeting', 'description': 'Initiative: Research \n ', 'creator': {'email': 'chloelegue@gmail.com'}, 'organizer': {'email': 'b7a52282f7a24e40065189a7382c1140018cc3b4d2d01813daa9218af3411937@group.calendar.google.com', 'displayName': 'Research', 'self': True}, 'start': {'dateTime': '2025-05-26T10:00:00-04:00', 'timeZone': 'America/New_York'}, 'end': {'dateTime': '2025-05-26T11:00:00-04:00', 'timeZone': 'America/New_York'}, 'iCalUID': '1gva3lkbgs71k0ocsolv1sqs9o@google.com', 'sequence': 0, 'reminders': {'useDefault': True}, 'source': {'url': 'https://www.notion.so/235f5aaf73f44d15a7faa2f9a2bd8ff7?v=849eba754d11487892c5b22c9d22281a&p=1fa7a350bbf081e58f97ff78d77994b2', 'title': 'Notion Link'}, 'eventType': 'default'}, {'kind': 'calendar#event', 'etag': '"3495719234843006"', 'id': 'kcoqq2gpp7f9fdslu8nd52itq0', 'status': 'confirmed', 'htmlLink': 'https://www.google.com/calendar/event?eid=a2NvcXEyZ3BwN2Y5ZmRzbHU4bmQ1Mml0cTAgYjdhNTIyODJmN2EyNGU0MDA2NTE4OWE3MzgyYzExNDAwMThjYzNiNGQyZDAxODEzZGFhOTIxOGFmMzQxMTkzN0Bn', 'created': '2025-05-21T20:33:37.000Z', 'updated': '2025-05-21T20:33:37.421Z', 'summary': 'Group Meeting', 'description': 'Research', 'creator': {'email': 'chloelegue@gmail.com'}, 'organizer': {'email': 'b7a52282f7a24e40065189a7382c1140018cc3b4d2d01813daa9218af3411937@group.calendar.google.com', 'displayName': 'Research', 'self': True}, 'start': {'dateTime': '2025-05-22T11:30:00-04:00', 'timeZone': 'America/New_York'}, 'end': {'dateTime': '2025-05-22T13:00:00-04:00', 'timeZone': 'America/New_York'}, 'iCalUID': 'kcoqq2gpp7f9fdslu8nd52itq0@google.com', 'sequence': 0, 'reminders': {'useDefault': True}, 'source': {'url': 'https://www.notion.so/235f5aaf73f44d15a7faa2f9a2bd8ff7?v=849eba754d11487892c5b22c9d22281a&p=1fa7a350bbf080af9ee4fe3a511af813', 'title': 'Notion Link'}, 'eventType': 'default'}]
2025-05-21 16:49:59,891 - DEBUG - HTTP Request: POST https://api.notion.com/v1/databases/235f5aaf73f44d15a7faa2f9a2bd8ff7/query "HTTP/1.1 200 OK"
2025-05-21 16:52:37,571 - INFO - Starting Sync
2025-05-21 16:52:37,575 - INFO - file_cache is only supported with oauth2client<4.0.0
2025-05-21 16:52:37,577 - DEBUG - URL being requested: GET https://www.googleapis.com/calendar/v3/calendars/b3c903b1ee4cc103e02c7de57b397bd3f0afedd8077555d8242af43061729641%40group.calendar.google.com?alt=json
2025-05-21 16:52:37,577 - DEBUG - Making request: POST https://oauth2.googleapis.com/token
2025-05-21 16:52:39,862 - DEBUG - HTTP Request: POST https://api.notion.com/v1/databases/235f5aaf73f44d15a7faa2f9a2bd8ff7/query "HTTP/1.1 200 OK"
2025-05-21 16:52:39,863 - DEBUG - 
2025-05-21 16:52:39,863 - INFO - Nothing new added to GCal
2025-05-21 16:52:40,271 - DEBUG - HTTP Request: POST https://api.notion.com/v1/databases/235f5aaf73f44d15a7faa2f9a2bd8ff7/query "HTTP/1.1 200 OK"
2025-05-21 16:52:40,740 - DEBUG - HTTP Request: POST https://api.notion.com/v1/databases/235f5aaf73f44d15a7faa2f9a2bd8ff7/query "HTTP/1.1 200 OK"
2025-05-21 16:52:40,741 - INFO - Nothing new updated to GCal
2025-05-21 16:52:41,278 - DEBUG - HTTP Request: POST https://api.notion.com/v1/databases/235f5aaf73f44d15a7faa2f9a2bd8ff7/query "HTTP/1.1 200 OK"
2025-05-21 16:52:41,285 - DEBUG - Trying Other things for gu7a7v2v3qipfnm82gn6dsc09c
2025-05-21 16:52:41,290 - DEBUG - URL being requested: GET https://www.googleapis.com/calendar/v3/calendars/b3c903b1ee4cc103e02c7de57b397bd3f0afedd8077555d8242af43061729641%40group.calendar.google.com/events/gu7a7v2v3qipfnm82gn6dsc09c?alt=json
2025-05-21 16:52:41,473 - DEBUG - Trying Research for gu7a7v2v3qipfnm82gn6dsc09c
2025-05-21 16:52:41,479 - DEBUG - URL being requested: GET https://www.googleapis.com/calendar/v3/calendars/b7a52282f7a24e40065189a7382c1140018cc3b4d2d01813daa9218af3411937%40group.calendar.google.com/events/gu7a7v2v3qipfnm82gn6dsc09c?alt=json
2025-05-21 16:52:41,585 - ERROR - Event not found
2025-05-21 16:52:41,585 - DEBUG - {'kind': 'calendar#event', 'etag': '"3495719214831742"', 'id': 'gu7a7v2v3qipfnm82gn6dsc09c', 'status': 'confirmed', 'htmlLink': 'https://www.google.com/calendar/event?eid=Z3U3YTd2MnYzcWlwZm5tODJnbjZkc2MwOWMgYjNjOTAzYjFlZTRjYzEwM2UwMmM3ZGU1N2IzOTdiZDNmMGFmZWRkODA3NzU1NWQ4MjQyYWY0MzA2MTcyOTY0MUBn', 'created': '2025-05-21T20:33:27.000Z', 'updated': '2025-05-21T20:33:27.415Z', 'summary': 'McGill Course Registration', 'description': 'Initiative: Other things \n ', 'creator': {'email': 'chloelegue@gmail.com'}, 'organizer': {'email': 'b3c903b1ee4cc103e02c7de57b397bd3f0afedd8077555d8242af43061729641@group.calendar.google.com', 'displayName': 'Notion Calendar', 'self': True}, 'start': {'dateTime': '2025-05-28T08:20:00-04:00', 'timeZone': 'America/New_York'}, 'end': {'dateTime': '2025-05-28T09:00:00-04:00', 'timeZone': 'America/New_York'}, 'iCalUID': 'gu7a7v2v3qipfnm82gn6dsc09c@google.com', 'sequence': 0, 'reminders': {'useDefault': True}, 'source': {'url': 'https://www.notion.so/235f5aaf73f44d15a7faa2f9a2bd8ff7?v=849eba754d11487892c5b22c9d22281a&p=1fa7a350bbf081989423caee444bd350', 'title': 'Notion Link'}, 'eventType': 'default'}
2025-05-21 16:52:41,586 - DEBUG - Trying Other things for 1gva3lkbgs71k0ocsolv1sqs9o
2025-05-21 16:52:41,588 - DEBUG - URL being requested: GET https://www.googleapis.com/calendar/v3/calendars/b3c903b1ee4cc103e02c7de57b397bd3f0afedd8077555d8242af43061729641%40group.calendar.google.com/events/1gva3lkbgs71k0ocsolv1sqs9o?alt=json
2025-05-21 16:52:41,706 - ERROR - Event not found
2025-05-21 16:52:41,706 - DEBUG - Trying Research for 1gva3lkbgs71k0ocsolv1sqs9o
2025-05-21 16:52:41,710 - DEBUG - URL being requested: GET https://www.googleapis.com/calendar/v3/calendars/b7a52282f7a24e40065189a7382c1140018cc3b4d2d01813daa9218af3411937%40group.calendar.google.com/events/1gva3lkbgs71k0ocsolv1sqs9o?alt=json
2025-05-21 16:52:41,884 - DEBUG - {'kind': 'calendar#event', 'etag': '"3495719222681822"', 'id': '1gva3lkbgs71k0ocsolv1sqs9o', 'status': 'confirmed', 'htmlLink': 'https://www.google.com/calendar/event?eid=MWd2YTNsa2JnczcxazBvY3NvbHYxc3FzOW8gYjdhNTIyODJmN2EyNGU0MDA2NTE4OWE3MzgyYzExNDAwMThjYzNiNGQyZDAxODEzZGFhOTIxOGFmMzQxMTkzN0Bn', 'created': '2025-05-21T20:33:31.000Z', 'updated': '2025-05-21T20:33:31.340Z', 'summary': 'Basecat2 Meeting', 'description': 'Initiative: Research \n ', 'creator': {'email': 'chloelegue@gmail.com'}, 'organizer': {'email': 'b7a52282f7a24e40065189a7382c1140018cc3b4d2d01813daa9218af3411937@group.calendar.google.com', 'displayName': 'Research', 'self': True}, 'start': {'dateTime': '2025-05-26T10:00:00-04:00', 'timeZone': 'America/New_York'}, 'end': {'dateTime': '2025-05-26T11:00:00-04:00', 'timeZone': 'America/New_York'}, 'iCalUID': '1gva3lkbgs71k0ocsolv1sqs9o@google.com', 'sequence': 0, 'reminders': {'useDefault': True}, 'source': {'url': 'https://www.notion.so/235f5aaf73f44d15a7faa2f9a2bd8ff7?v=849eba754d11487892c5b22c9d22281a&p=1fa7a350bbf081e58f97ff78d77994b2', 'title': 'Notion Link'}, 'eventType': 'default'}
2025-05-21 16:52:41,885 - DEBUG - Trying Other things for kcoqq2gpp7f9fdslu8nd52itq0
2025-05-21 16:52:41,889 - DEBUG - URL being requested: GET https://www.googleapis.com/calendar/v3/calendars/b3c903b1ee4cc103e02c7de57b397bd3f0afedd8077555d8242af43061729641%40group.calendar.google.com/events/kcoqq2gpp7f9fdslu8nd52itq0?alt=json
2025-05-21 16:52:41,986 - ERROR - Event not found
2025-05-21 16:52:41,987 - DEBUG - Trying Research for kcoqq2gpp7f9fdslu8nd52itq0
2025-05-21 16:52:41,991 - DEBUG - URL being requested: GET https://www.googleapis.com/calendar/v3/calendars/b7a52282f7a24e40065189a7382c1140018cc3b4d2d01813daa9218af3411937%40group.calendar.google.com/events/kcoqq2gpp7f9fdslu8nd52itq0?alt=json
2025-05-21 16:52:42,158 - DEBUG - {'kind': 'calendar#event', 'etag': '"3495719234843006"', 'id': 'kcoqq2gpp7f9fdslu8nd52itq0', 'status': 'confirmed', 'htmlLink': 'https://www.google.com/calendar/event?eid=a2NvcXEyZ3BwN2Y5ZmRzbHU4bmQ1Mml0cTAgYjdhNTIyODJmN2EyNGU0MDA2NTE4OWE3MzgyYzExNDAwMThjYzNiNGQyZDAxODEzZGFhOTIxOGFmMzQxMTkzN0Bn', 'created': '2025-05-21T20:33:37.000Z', 'updated': '2025-05-21T20:33:37.421Z', 'summary': 'Group Meeting', 'description': 'Research', 'creator': {'email': 'chloelegue@gmail.com'}, 'organizer': {'email': 'b7a52282f7a24e40065189a7382c1140018cc3b4d2d01813daa9218af3411937@group.calendar.google.com', 'displayName': 'Research', 'self': True}, 'start': {'dateTime': '2025-05-22T11:30:00-04:00', 'timeZone': 'America/New_York'}, 'end': {'dateTime': '2025-05-22T13:00:00-04:00', 'timeZone': 'America/New_York'}, 'iCalUID': 'kcoqq2gpp7f9fdslu8nd52itq0@google.com', 'sequence': 0, 'reminders': {'useDefault': True}, 'source': {'url': 'https://www.notion.so/235f5aaf73f44d15a7faa2f9a2bd8ff7?v=849eba754d11487892c5b22c9d22281a&p=1fa7a350bbf080af9ee4fe3a511af813', 'title': 'Notion Link'}, 'eventType': 'default'}
2025-05-21 16:52:42,159 - DEBUG - New Notion Start times: ['', '', '']
2025-05-21 16:52:42,159 - DEBUG - New Notion Stop times: ['', '', '']
2025-05-21 16:52:42,159 - DEBUG - 2025-05-28 08:20:00 2025-05-28 08:20:00 gu7a7v2v3qipfnm82gn6dsc09c
2025-05-21 16:52:42,159 - DEBUG - 2025-05-26 10:00:00 2025-05-26 10:00:00 1gva3lkbgs71k0ocsolv1sqs9o
2025-05-21 16:52:42,159 - DEBUG - 2025-05-22 11:30:00 2025-05-22 11:30:00 kcoqq2gpp7f9fdslu8nd52itq0
2025-05-21 16:52:42,159 - DEBUG - ['1fa7a350-bbf0-8198-9423-caee444bd350', '1fa7a350-bbf0-81e5-8f97-ff78d77994b2', '1fa7a350-bbf0-80af-9ee4-fe3a511af813']
2025-05-21 16:52:42,160 - DEBUG - ['Other things', 'Research', 'Research']
2025-05-21 16:52:42,160 - DEBUG - GcalId: Other things
2025-05-21 16:52:42,160 - DEBUG - 1fa7a350-bbf0-8198-9423-caee444bd350
2025-05-21 16:52:48,481 - DEBUG - HTTP Request: PATCH https://api.notion.com/v1/pages/1fa7a350-bbf0-8198-9423-caee444bd350 "HTTP/1.1 200 OK"
2025-05-21 16:52:48,490 - DEBUG - GcalId: Research
2025-05-21 16:52:48,490 - DEBUG - 1fa7a350-bbf0-81e5-8f97-ff78d77994b2
2025-05-21 16:52:48,942 - DEBUG - HTTP Request: PATCH https://api.notion.com/v1/pages/1fa7a350-bbf0-81e5-8f97-ff78d77994b2 "HTTP/1.1 200 OK"
2025-05-21 16:52:48,959 - DEBUG - GcalId: Research
2025-05-21 16:52:48,959 - DEBUG - 1fa7a350-bbf0-80af-9ee4-fe3a511af813
2025-05-21 16:52:49,569 - DEBUG - HTTP Request: PATCH https://api.notion.com/v1/pages/1fa7a350-bbf0-80af-9ee4-fe3a511af813 "HTTP/1.1 200 OK"
2025-05-21 16:52:49,885 - DEBUG - HTTP Request: POST https://api.notion.com/v1/databases/235f5aaf73f44d15a7faa2f9a2bd8ff7/query "HTTP/1.1 200 OK"
2025-05-21 16:52:50,711 - DEBUG - HTTP Request: POST https://api.notion.com/v1/databases/235f5aaf73f44d15a7faa2f9a2bd8ff7/query "HTTP/1.1 200 OK"
2025-05-21 16:52:50,714 - DEBUG - URL being requested: GET https://www.googleapis.com/calendar/v3/calendars/b3c903b1ee4cc103e02c7de57b397bd3f0afedd8077555d8242af43061729641%40group.calendar.google.com/events?maxResults=2000&timeMin=2025-05-21T16%3A52%3A50-04%3A00&alt=json
2025-05-21 16:52:50,888 - DEBUG - URL being requested: GET https://www.googleapis.com/calendar/v3/calendars/b7a52282f7a24e40065189a7382c1140018cc3b4d2d01813daa9218af3411937%40group.calendar.google.com/events?maxResults=2000&timeMin=2025-05-21T16%3A52%3A50-04%3A00&alt=json
2025-05-21 16:52:51,047 - DEBUG - [{'kind': 'calendar#event', 'etag': '"3495719214831742"', 'id': 'gu7a7v2v3qipfnm82gn6dsc09c', 'status': 'confirmed', 'htmlLink': 'https://www.google.com/calendar/event?eid=Z3U3YTd2MnYzcWlwZm5tODJnbjZkc2MwOWMgYjNjOTAzYjFlZTRjYzEwM2UwMmM3ZGU1N2IzOTdiZDNmMGFmZWRkODA3NzU1NWQ4MjQyYWY0MzA2MTcyOTY0MUBn', 'created': '2025-05-21T20:33:27.000Z', 'updated': '2025-05-21T20:33:27.415Z', 'summary': 'McGill Course Registration', 'description': 'Initiative: Other things \n ', 'creator': {'email': 'chloelegue@gmail.com'}, 'organizer': {'email': 'b3c903b1ee4cc103e02c7de57b397bd3f0afedd8077555d8242af43061729641@group.calendar.google.com', 'displayName': 'Notion Calendar', 'self': True}, 'start': {'dateTime': '2025-05-28T08:20:00-04:00', 'timeZone': 'America/New_York'}, 'end': {'dateTime': '2025-05-28T09:00:00-04:00', 'timeZone': 'America/New_York'}, 'iCalUID': 'gu7a7v2v3qipfnm82gn6dsc09c@google.com', 'sequence': 0, 'reminders': {'useDefault': True}, 'source': {'url': 'https://www.notion.so/235f5aaf73f44d15a7faa2f9a2bd8ff7?v=849eba754d11487892c5b22c9d22281a&p=1fa7a350bbf081989423caee444bd350', 'title': 'Notion Link'}, 'eventType': 'default'}, {'kind': 'calendar#event', 'etag': '"3495719222681822"', 'id': '1gva3lkbgs71k0ocsolv1sqs9o', 'status': 'confirmed', 'htmlLink': 'https://www.google.com/calendar/event?eid=MWd2YTNsa2JnczcxazBvY3NvbHYxc3FzOW8gYjdhNTIyODJmN2EyNGU0MDA2NTE4OWE3MzgyYzExNDAwMThjYzNiNGQyZDAxODEzZGFhOTIxOGFmMzQxMTkzN0Bn', 'created': '2025-05-21T20:33:31.000Z', 'updated': '2025-05-21T20:33:31.340Z', 'summary': 'Basecat2 Meeting', 'description': 'Initiative: Research \n ', 'creator': {'email': 'chloelegue@gmail.com'}, 'organizer': {'email': 'b7a52282f7a24e40065189a7382c1140018cc3b4d2d01813daa9218af3411937@group.calendar.google.com', 'displayName': 'Research', 'self': True}, 'start': {'dateTime': '2025-05-26T10:00:00-04:00', 'timeZone': 'America/New_York'}, 'end': {'dateTime': '2025-05-26T11:00:00-04:00', 'timeZone': 'America/New_York'}, 'iCalUID': '1gva3lkbgs71k0ocsolv1sqs9o@google.com', 'sequence': 0, 'reminders': {'useDefault': True}, 'source': {'url': 'https://www.notion.so/235f5aaf73f44d15a7faa2f9a2bd8ff7?v=849eba754d11487892c5b22c9d22281a&p=1fa7a350bbf081e58f97ff78d77994b2', 'title': 'Notion Link'}, 'eventType': 'default'}, {'kind': 'calendar#event', 'etag': '"3495719234843006"', 'id': 'kcoqq2gpp7f9fdslu8nd52itq0', 'status': 'confirmed', 'htmlLink': 'https://www.google.com/calendar/event?eid=a2NvcXEyZ3BwN2Y5ZmRzbHU4bmQ1Mml0cTAgYjdhNTIyODJmN2EyNGU0MDA2NTE4OWE3MzgyYzExNDAwMThjYzNiNGQyZDAxODEzZGFhOTIxOGFmMzQxMTkzN0Bn', 'created': '2025-05-21T20:33:37.000Z', 'updated': '2025-05-21T20:33:37.421Z', 'summary': 'Group Meeting', 'description': 'Research', 'creator': {'email': 'chloelegue@gmail.com'}, 'organizer': {'email': 'b7a52282f7a24e40065189a7382c1140018cc3b4d2d01813daa9218af3411937@group.calendar.google.com', 'displayName': 'Research', 'self': True}, 'start': {'dateTime': '2025-05-22T11:30:00-04:00', 'timeZone': 'America/New_York'}, 'end': {'dateTime': '2025-05-22T13:00:00-04:00', 'timeZone': 'America/New_York'}, 'iCalUID': 'kcoqq2gpp7f9fdslu8nd52itq0@google.com', 'sequence': 0, 'reminders': {'useDefault': True}, 'source': {'url': 'https://www.notion.so/235f5aaf73f44d15a7faa2f9a2bd8ff7?v=849eba754d11487892c5b22c9d22281a&p=1fa7a350bbf080af9ee4fe3a511af813', 'title': 'Notion Link'}, 'eventType': 'default'}, {'kind': 'calendar#event', 'etag': '"3495721502289534"', 'id': '35rtkkelj0sd2gbhdvbsnkb3pk', 'status': 'confirmed', 'htmlLink': 'https://www.google.com/calendar/event?eid=MzVydGtrZWxqMHNkMmdiaGR2YnNua2IzcGsgYjdhNTIyODJmN2EyNGU0MDA2NTE4OWE3MzgyYzExNDAwMThjYzNiNGQyZDAxODEzZGFhOTIxOGFmMzQxMTkzN0Bn', 'created': '2025-05-21T20:52:31.000Z', 'updated': '2025-05-21T20:52:31.144Z', 'summary': 'Answer email for group meeting', 'creator': {'email': 'chloelegue@gmail.com'}, 'organizer': {'email': 'b7a52282f7a24e40065189a7382c1140018cc3b4d2d01813daa9218af3411937@group.calendar.google.com', 'displayName': 'Research', 'self': True}, 'start': {'dateTime': '2025-05-21T17:00:00-04:00', 'timeZone': 'America/Toronto'}, 'end': {'dateTime': '2025-05-21T17:15:00-04:00', 'timeZone': 'America/Toronto'}, 'iCalUID': '35rtkkelj0sd2gbhdvbsnkb3pk@google.com', 'sequence': 0, 'reminders': {'useDefault': True}, 'eventType': 'default'}]
2025-05-21 16:52:51,397 - DEBUG - HTTP Request: POST https://api.notion.com/v1/pages "HTTP/1.1 200 OK"
2025-05-21 16:52:51,398 - INFO - Added this event to Notion: Answer email for group meeting
2025-05-21 16:52:51,655 - DEBUG - HTTP Request: POST https://api.notion.com/v1/databases/235f5aaf73f44d15a7faa2f9a2bd8ff7/query "HTTP/1.1 200 OK"
2025-05-21 16:53:38,967 - INFO - Starting Sync
2025-05-21 16:53:38,972 - INFO - file_cache is only supported with oauth2client<4.0.0
2025-05-21 16:53:38,974 - DEBUG - URL being requested: GET https://www.googleapis.com/calendar/v3/calendars/b3c903b1ee4cc103e02c7de57b397bd3f0afedd8077555d8242af43061729641%40group.calendar.google.com?alt=json
2025-05-21 16:53:38,974 - DEBUG - Making request: POST https://oauth2.googleapis.com/token
2025-05-21 16:53:40,845 - DEBUG - HTTP Request: POST https://api.notion.com/v1/databases/235f5aaf73f44d15a7faa2f9a2bd8ff7/query "HTTP/1.1 200 OK"
2025-05-21 16:53:40,845 - DEBUG - 
2025-05-21 16:53:40,846 - INFO - Nothing new added to GCal
2025-05-21 16:53:41,122 - DEBUG - HTTP Request: POST https://api.notion.com/v1/databases/235f5aaf73f44d15a7faa2f9a2bd8ff7/query "HTTP/1.1 200 OK"
2025-05-21 16:53:41,485 - DEBUG - HTTP Request: POST https://api.notion.com/v1/databases/235f5aaf73f44d15a7faa2f9a2bd8ff7/query "HTTP/1.1 200 OK"
2025-05-21 16:53:41,485 - INFO - Nothing new updated to GCal
2025-05-21 16:53:41,795 - DEBUG - HTTP Request: POST https://api.notion.com/v1/databases/235f5aaf73f44d15a7faa2f9a2bd8ff7/query "HTTP/1.1 200 OK"
2025-05-21 16:53:41,798 - DEBUG - Trying Other things for gu7a7v2v3qipfnm82gn6dsc09c
2025-05-21 16:53:41,802 - DEBUG - URL being requested: GET https://www.googleapis.com/calendar/v3/calendars/b3c903b1ee4cc103e02c7de57b397bd3f0afedd8077555d8242af43061729641%40group.calendar.google.com/events/gu7a7v2v3qipfnm82gn6dsc09c?alt=json
2025-05-21 16:53:41,977 - DEBUG - Trying Research for gu7a7v2v3qipfnm82gn6dsc09c
2025-05-21 16:53:41,981 - DEBUG - URL being requested: GET https://www.googleapis.com/calendar/v3/calendars/b7a52282f7a24e40065189a7382c1140018cc3b4d2d01813daa9218af3411937%40group.calendar.google.com/events/gu7a7v2v3qipfnm82gn6dsc09c?alt=json
2025-05-21 16:53:42,090 - ERROR - Event not found
2025-05-21 16:53:42,090 - DEBUG - {'kind': 'calendar#event', 'etag': '"3495719214831742"', 'id': 'gu7a7v2v3qipfnm82gn6dsc09c', 'status': 'confirmed', 'htmlLink': 'https://www.google.com/calendar/event?eid=Z3U3YTd2MnYzcWlwZm5tODJnbjZkc2MwOWMgYjNjOTAzYjFlZTRjYzEwM2UwMmM3ZGU1N2IzOTdiZDNmMGFmZWRkODA3NzU1NWQ4MjQyYWY0MzA2MTcyOTY0MUBn', 'created': '2025-05-21T20:33:27.000Z', 'updated': '2025-05-21T20:33:27.415Z', 'summary': 'McGill Course Registration', 'description': 'Initiative: Other things \n ', 'creator': {'email': 'chloelegue@gmail.com'}, 'organizer': {'email': 'b3c903b1ee4cc103e02c7de57b397bd3f0afedd8077555d8242af43061729641@group.calendar.google.com', 'displayName': 'Notion Calendar', 'self': True}, 'start': {'dateTime': '2025-05-28T08:20:00-04:00', 'timeZone': 'America/New_York'}, 'end': {'dateTime': '2025-05-28T09:00:00-04:00', 'timeZone': 'America/New_York'}, 'iCalUID': 'gu7a7v2v3qipfnm82gn6dsc09c@google.com', 'sequence': 0, 'reminders': {'useDefault': True}, 'source': {'url': 'https://www.notion.so/235f5aaf73f44d15a7faa2f9a2bd8ff7?v=849eba754d11487892c5b22c9d22281a&p=1fa7a350bbf081989423caee444bd350', 'title': 'Notion Link'}, 'eventType': 'default'}
2025-05-21 16:53:42,092 - DEBUG - Trying Other things for 1gva3lkbgs71k0ocsolv1sqs9o
2025-05-21 16:53:42,096 - DEBUG - URL being requested: GET https://www.googleapis.com/calendar/v3/calendars/b3c903b1ee4cc103e02c7de57b397bd3f0afedd8077555d8242af43061729641%40group.calendar.google.com/events/1gva3lkbgs71k0ocsolv1sqs9o?alt=json
2025-05-21 16:53:42,216 - ERROR - Event not found
2025-05-21 16:53:42,216 - DEBUG - Trying Research for 1gva3lkbgs71k0ocsolv1sqs9o
2025-05-21 16:53:42,225 - DEBUG - URL being requested: GET https://www.googleapis.com/calendar/v3/calendars/b7a52282f7a24e40065189a7382c1140018cc3b4d2d01813daa9218af3411937%40group.calendar.google.com/events/1gva3lkbgs71k0ocsolv1sqs9o?alt=json
2025-05-21 16:53:42,391 - DEBUG - {'kind': 'calendar#event', 'etag': '"3495719222681822"', 'id': '1gva3lkbgs71k0ocsolv1sqs9o', 'status': 'confirmed', 'htmlLink': 'https://www.google.com/calendar/event?eid=MWd2YTNsa2JnczcxazBvY3NvbHYxc3FzOW8gYjdhNTIyODJmN2EyNGU0MDA2NTE4OWE3MzgyYzExNDAwMThjYzNiNGQyZDAxODEzZGFhOTIxOGFmMzQxMTkzN0Bn', 'created': '2025-05-21T20:33:31.000Z', 'updated': '2025-05-21T20:33:31.340Z', 'summary': 'Basecat2 Meeting', 'description': 'Initiative: Research \n ', 'creator': {'email': 'chloelegue@gmail.com'}, 'organizer': {'email': 'b7a52282f7a24e40065189a7382c1140018cc3b4d2d01813daa9218af3411937@group.calendar.google.com', 'displayName': 'Research', 'self': True}, 'start': {'dateTime': '2025-05-26T10:00:00-04:00', 'timeZone': 'America/New_York'}, 'end': {'dateTime': '2025-05-26T11:00:00-04:00', 'timeZone': 'America/New_York'}, 'iCalUID': '1gva3lkbgs71k0ocsolv1sqs9o@google.com', 'sequence': 0, 'reminders': {'useDefault': True}, 'source': {'url': 'https://www.notion.so/235f5aaf73f44d15a7faa2f9a2bd8ff7?v=849eba754d11487892c5b22c9d22281a&p=1fa7a350bbf081e58f97ff78d77994b2', 'title': 'Notion Link'}, 'eventType': 'default'}
2025-05-21 16:53:42,391 - DEBUG - Trying Other things for kcoqq2gpp7f9fdslu8nd52itq0
2025-05-21 16:53:42,393 - DEBUG - URL being requested: GET https://www.googleapis.com/calendar/v3/calendars/b3c903b1ee4cc103e02c7de57b397bd3f0afedd8077555d8242af43061729641%40group.calendar.google.com/events/kcoqq2gpp7f9fdslu8nd52itq0?alt=json
2025-05-21 16:53:42,489 - ERROR - Event not found
2025-05-21 16:53:42,489 - DEBUG - Trying Research for kcoqq2gpp7f9fdslu8nd52itq0
2025-05-21 16:53:42,491 - DEBUG - URL being requested: GET https://www.googleapis.com/calendar/v3/calendars/b7a52282f7a24e40065189a7382c1140018cc3b4d2d01813daa9218af3411937%40group.calendar.google.com/events/kcoqq2gpp7f9fdslu8nd52itq0?alt=json
2025-05-21 16:53:42,664 - DEBUG - {'kind': 'calendar#event', 'etag': '"3495719234843006"', 'id': 'kcoqq2gpp7f9fdslu8nd52itq0', 'status': 'confirmed', 'htmlLink': 'https://www.google.com/calendar/event?eid=a2NvcXEyZ3BwN2Y5ZmRzbHU4bmQ1Mml0cTAgYjdhNTIyODJmN2EyNGU0MDA2NTE4OWE3MzgyYzExNDAwMThjYzNiNGQyZDAxODEzZGFhOTIxOGFmMzQxMTkzN0Bn', 'created': '2025-05-21T20:33:37.000Z', 'updated': '2025-05-21T20:33:37.421Z', 'summary': 'Group Meeting', 'description': 'Research', 'creator': {'email': 'chloelegue@gmail.com'}, 'organizer': {'email': 'b7a52282f7a24e40065189a7382c1140018cc3b4d2d01813daa9218af3411937@group.calendar.google.com', 'displayName': 'Research', 'self': True}, 'start': {'dateTime': '2025-05-22T11:30:00-04:00', 'timeZone': 'America/New_York'}, 'end': {'dateTime': '2025-05-22T13:00:00-04:00', 'timeZone': 'America/New_York'}, 'iCalUID': 'kcoqq2gpp7f9fdslu8nd52itq0@google.com', 'sequence': 0, 'reminders': {'useDefault': True}, 'source': {'url': 'https://www.notion.so/235f5aaf73f44d15a7faa2f9a2bd8ff7?v=849eba754d11487892c5b22c9d22281a&p=1fa7a350bbf080af9ee4fe3a511af813', 'title': 'Notion Link'}, 'eventType': 'default'}
2025-05-21 16:53:42,664 - DEBUG - New Notion Start times: ['', '', '']
2025-05-21 16:53:42,664 - DEBUG - New Notion Stop times: ['', '', '']
2025-05-21 16:53:42,665 - DEBUG - 2025-05-28 08:20:00 2025-05-28 08:20:00 gu7a7v2v3qipfnm82gn6dsc09c
2025-05-21 16:53:42,665 - DEBUG - 2025-05-26 10:00:00 2025-05-26 10:00:00 1gva3lkbgs71k0ocsolv1sqs9o
2025-05-21 16:53:42,665 - DEBUG - 2025-05-22 11:30:00 2025-05-22 11:30:00 kcoqq2gpp7f9fdslu8nd52itq0
2025-05-21 16:53:42,665 - DEBUG - ['1fa7a350-bbf0-8198-9423-caee444bd350', '1fa7a350-bbf0-81e5-8f97-ff78d77994b2', '1fa7a350-bbf0-80af-9ee4-fe3a511af813']
2025-05-21 16:53:42,665 - DEBUG - ['Other things', 'Research', 'Research']
2025-05-21 16:53:42,665 - DEBUG - GcalId: Other things
2025-05-21 16:53:42,665 - DEBUG - 1fa7a350-bbf0-8198-9423-caee444bd350
2025-05-21 16:53:43,115 - DEBUG - HTTP Request: PATCH https://api.notion.com/v1/pages/1fa7a350-bbf0-8198-9423-caee444bd350 "HTTP/1.1 200 OK"
2025-05-21 16:53:43,116 - DEBUG - GcalId: Research
2025-05-21 16:53:43,116 - DEBUG - 1fa7a350-bbf0-81e5-8f97-ff78d77994b2
2025-05-21 16:53:43,419 - DEBUG - HTTP Request: PATCH https://api.notion.com/v1/pages/1fa7a350-bbf0-81e5-8f97-ff78d77994b2 "HTTP/1.1 200 OK"
2025-05-21 16:53:43,440 - DEBUG - GcalId: Research
2025-05-21 16:53:43,440 - DEBUG - 1fa7a350-bbf0-80af-9ee4-fe3a511af813
2025-05-21 16:53:43,821 - DEBUG - HTTP Request: PATCH https://api.notion.com/v1/pages/1fa7a350-bbf0-80af-9ee4-fe3a511af813 "HTTP/1.1 200 OK"
2025-05-21 16:53:44,342 - DEBUG - HTTP Request: POST https://api.notion.com/v1/databases/235f5aaf73f44d15a7faa2f9a2bd8ff7/query "HTTP/1.1 200 OK"
2025-05-21 16:53:44,661 - DEBUG - HTTP Request: POST https://api.notion.com/v1/databases/235f5aaf73f44d15a7faa2f9a2bd8ff7/query "HTTP/1.1 200 OK"
2025-05-21 16:53:44,674 - DEBUG - URL being requested: GET https://www.googleapis.com/calendar/v3/calendars/b3c903b1ee4cc103e02c7de57b397bd3f0afedd8077555d8242af43061729641%40group.calendar.google.com/events?maxResults=2000&timeMin=2025-05-21T16%3A53%3A44-04%3A00&alt=json
2025-05-21 16:53:44,854 - DEBUG - URL being requested: GET https://www.googleapis.com/calendar/v3/calendars/b7a52282f7a24e40065189a7382c1140018cc3b4d2d01813daa9218af3411937%40group.calendar.google.com/events?maxResults=2000&timeMin=2025-05-21T16%3A53%3A44-04%3A00&alt=json
2025-05-21 16:53:45,036 - DEBUG - [{'kind': 'calendar#event', 'etag': '"3495719214831742"', 'id': 'gu7a7v2v3qipfnm82gn6dsc09c', 'status': 'confirmed', 'htmlLink': 'https://www.google.com/calendar/event?eid=Z3U3YTd2MnYzcWlwZm5tODJnbjZkc2MwOWMgYjNjOTAzYjFlZTRjYzEwM2UwMmM3ZGU1N2IzOTdiZDNmMGFmZWRkODA3NzU1NWQ4MjQyYWY0MzA2MTcyOTY0MUBn', 'created': '2025-05-21T20:33:27.000Z', 'updated': '2025-05-21T20:33:27.415Z', 'summary': 'McGill Course Registration', 'description': 'Initiative: Other things \n ', 'creator': {'email': 'chloelegue@gmail.com'}, 'organizer': {'email': 'b3c903b1ee4cc103e02c7de57b397bd3f0afedd8077555d8242af43061729641@group.calendar.google.com', 'displayName': 'Notion Calendar', 'self': True}, 'start': {'dateTime': '2025-05-28T08:20:00-04:00', 'timeZone': 'America/New_York'}, 'end': {'dateTime': '2025-05-28T09:00:00-04:00', 'timeZone': 'America/New_York'}, 'iCalUID': 'gu7a7v2v3qipfnm82gn6dsc09c@google.com', 'sequence': 0, 'reminders': {'useDefault': True}, 'source': {'url': 'https://www.notion.so/235f5aaf73f44d15a7faa2f9a2bd8ff7?v=849eba754d11487892c5b22c9d22281a&p=1fa7a350bbf081989423caee444bd350', 'title': 'Notion Link'}, 'eventType': 'default'}, {'kind': 'calendar#event', 'etag': '"3495719222681822"', 'id': '1gva3lkbgs71k0ocsolv1sqs9o', 'status': 'confirmed', 'htmlLink': 'https://www.google.com/calendar/event?eid=MWd2YTNsa2JnczcxazBvY3NvbHYxc3FzOW8gYjdhNTIyODJmN2EyNGU0MDA2NTE4OWE3MzgyYzExNDAwMThjYzNiNGQyZDAxODEzZGFhOTIxOGFmMzQxMTkzN0Bn', 'created': '2025-05-21T20:33:31.000Z', 'updated': '2025-05-21T20:33:31.340Z', 'summary': 'Basecat2 Meeting', 'description': 'Initiative: Research \n ', 'creator': {'email': 'chloelegue@gmail.com'}, 'organizer': {'email': 'b7a52282f7a24e40065189a7382c1140018cc3b4d2d01813daa9218af3411937@group.calendar.google.com', 'displayName': 'Research', 'self': True}, 'start': {'dateTime': '2025-05-26T10:00:00-04:00', 'timeZone': 'America/New_York'}, 'end': {'dateTime': '2025-05-26T11:00:00-04:00', 'timeZone': 'America/New_York'}, 'iCalUID': '1gva3lkbgs71k0ocsolv1sqs9o@google.com', 'sequence': 0, 'reminders': {'useDefault': True}, 'source': {'url': 'https://www.notion.so/235f5aaf73f44d15a7faa2f9a2bd8ff7?v=849eba754d11487892c5b22c9d22281a&p=1fa7a350bbf081e58f97ff78d77994b2', 'title': 'Notion Link'}, 'eventType': 'default'}, {'kind': 'calendar#event', 'etag': '"3495719234843006"', 'id': 'kcoqq2gpp7f9fdslu8nd52itq0', 'status': 'confirmed', 'htmlLink': 'https://www.google.com/calendar/event?eid=a2NvcXEyZ3BwN2Y5ZmRzbHU4bmQ1Mml0cTAgYjdhNTIyODJmN2EyNGU0MDA2NTE4OWE3MzgyYzExNDAwMThjYzNiNGQyZDAxODEzZGFhOTIxOGFmMzQxMTkzN0Bn', 'created': '2025-05-21T20:33:37.000Z', 'updated': '2025-05-21T20:33:37.421Z', 'summary': 'Group Meeting', 'description': 'Research', 'creator': {'email': 'chloelegue@gmail.com'}, 'organizer': {'email': 'b7a52282f7a24e40065189a7382c1140018cc3b4d2d01813daa9218af3411937@group.calendar.google.com', 'displayName': 'Research', 'self': True}, 'start': {'dateTime': '2025-05-22T11:30:00-04:00', 'timeZone': 'America/New_York'}, 'end': {'dateTime': '2025-05-22T13:00:00-04:00', 'timeZone': 'America/New_York'}, 'iCalUID': 'kcoqq2gpp7f9fdslu8nd52itq0@google.com', 'sequence': 0, 'reminders': {'useDefault': True}, 'source': {'url': 'https://www.notion.so/235f5aaf73f44d15a7faa2f9a2bd8ff7?v=849eba754d11487892c5b22c9d22281a&p=1fa7a350bbf080af9ee4fe3a511af813', 'title': 'Notion Link'}, 'eventType': 'default'}, {'kind': 'calendar#event', 'etag': '"3495721502289534"', 'id': '35rtkkelj0sd2gbhdvbsnkb3pk', 'status': 'confirmed', 'htmlLink': 'https://www.google.com/calendar/event?eid=MzVydGtrZWxqMHNkMmdiaGR2YnNua2IzcGsgYjdhNTIyODJmN2EyNGU0MDA2NTE4OWE3MzgyYzExNDAwMThjYzNiNGQyZDAxODEzZGFhOTIxOGFmMzQxMTkzN0Bn', 'created': '2025-05-21T20:52:31.000Z', 'updated': '2025-05-21T20:52:31.144Z', 'summary': 'Answer email for group meeting', 'creator': {'email': 'chloelegue@gmail.com'}, 'organizer': {'email': 'b7a52282f7a24e40065189a7382c1140018cc3b4d2d01813daa9218af3411937@group.calendar.google.com', 'displayName': 'Research', 'self': True}, 'start': {'dateTime': '2025-05-21T17:00:00-04:00', 'timeZone': 'America/Toronto'}, 'end': {'dateTime': '2025-05-21T17:15:00-04:00', 'timeZone': 'America/Toronto'}, 'iCalUID': '35rtkkelj0sd2gbhdvbsnkb3pk@google.com', 'sequence': 0, 'reminders': {'useDefault': True}, 'eventType': 'default'}]
2025-05-21 16:53:45,295 - DEBUG - HTTP Request: POST https://api.notion.com/v1/databases/235f5aaf73f44d15a7faa2f9a2bd8ff7/query "HTTP/1.1 200 OK"
2025-05-21 16:53:45,297 - DEBUG - b7a52282f7a24e40065189a7382c1140018cc3b4d2d01813daa9218af3411937@group.calendar.google.com 35rtkkelj0sd2gbhdvbsnkb3pk
2025-05-21 16:53:45,305 - DEBUG - URL being requested: DELETE https://www.googleapis.com/calendar/v3/calendars/b7a52282f7a24e40065189a7382c1140018cc3b4d2d01813daa9218af3411937%40group.calendar.google.com/events/35rtkkelj0sd2gbhdvbsnkb3pk?
2025-05-21 16:53:45,925 - DEBUG - HTTP Request: PATCH https://api.notion.com/v1/pages/1fa7a350-bbf0-813b-b43f-e8727875426d "HTTP/1.1 200 OK"
2025-05-21 16:53:45,926 - DEBUG - {'object': 'page', 'id': '1fa7a350-bbf0-813b-b43f-e8727875426d', 'created_time': '2025-05-21T20:52:00.000Z', 'last_edited_time': '2025-05-21T20:53:00.000Z', 'created_by': {'object': 'user', 'id': 'e9aff8a0-7f63-46b8-b4cf-13dcc6516ad5'}, 'last_edited_by': {'object': 'user', 'id': '2d4bcc81-87e5-4813-a900-db17eb0b4e6f'}, 'cover': None, 'icon': None, 'parent': {'type': 'database_id', 'database_id': '235f5aaf-73f4-4d15-a7fa-a2f9a2bd8ff7'}, 'archived': False, 'in_trash': False, 'properties': {'Last Updated Time': {'id': ';>wP', 'type': 'date', 'date': {'start': '2025-05-21T16:52:00.000-04:00', 'end': None, 'time_zone': None}}, 'Done': {'id': ';J~x', 'type': 'button', 'button': {}}, 'GapMinutesStart': {'id': ';l?G', 'type': 'formula', 'formula': {'type': 'number', 'number': -7}}, 'Grade Entered?': {'id': '?Oec', 'type': 'formula', 'formula': {'type': 'boolean', 'boolean': True}}, 'Weighted grade': {'id': 'G[bK', 'type': 'formula', 'formula': {'type': 'number', 'number': 0}}, 'GapDays': {'id': 'KjF{', 'type': 'formula', 'formula': {'type': 'number', 'number': 0}}, 'Assigned To': {'id': 'NWiO', 'type': 'people', 'people': [{'object': 'user', 'id': 'e9aff8a0-7f63-46b8-b4cf-13dcc6516ad5', 'name': 'GCal-Sync', 'avatar_url': None, 'type': 'bot', 'bot': {}}]}, 'Status BG': {'id': 'Tkia', 'type': 'formula', 'formula': {'type': 'string', 'string': 'green_background'}}, 'Calendar ID': {'id': 'UaL~', 'type': 'rich_text', 'rich_text': [{'type': 'text', 'text': {'content': 'b7a52282f7a24e40065189a7382c1140018cc3b4d2d01813daa9218af3411937@group.calendar.google.com', 'link': None}, 'annotations': {'bold': False, 'italic': False, 'strikethrough': False, 'underline': False, 'code': False, 'color': 'default'}, 'plain_text': 'b7a52282f7a24e40065189a7382c1140018cc3b4d2d01813daa9218af3411937@group.calendar.google.com', 'href': None}]}, 'Has Weight?': {'id': 'VYjq', 'type': 'formula', 'formula': {'type': 'boolean', 'boolean': False}}, 'Last Edited Time': {'id': 'Vu>X', 'type': 'last_edited_time', 'last_edited_time': '2025-05-21T20:53:00.000Z'}, 'WithinEvent': {'id': '^@iu', 'type': 'formula', 'formula': {'type': 'boolean', 'boolean': False}}, 'Weekday': {'id': 'a|UL', 'type': 'formula', 'formula': {'type': 'string', 'string': '\U0001f5d3 Wednesday'}}, 'CalendarName': {'id': 'bOJu', 'type': 'formula', 'formula': {'type': 'string', 'string': 'Research'}}, 'HasEndTime': {'id': 'dtYY', 'type': 'formula', 'formula': {'type': 'boolean', 'boolean': True}}, 'Courses': {'id': 'f_Yo', 'type': 'relation', 'relation': [{'id': '1fa7a350-bbf0-80ec-9a04-d60c3c91ecca'}], 'has_more': False}, 'Gap': {'id': 'j:eE', 'type': 'formula', 'formula': {'type': 'string', 'string': '\U0001f389 7 minutes early'}}, 'Status': {'id': 'jskg', 'type': 'status', 'status': {'id': '0bdbf175-bfd4-4730-8673-2e04dc1a5f0c', 'name': '\u2714 Done', 'color': 'green'}}, 'NeedGCalUpdate': {'id': 'kZz~', 'type': 'formula', 'formula': {'type': 'boolean', 'boolean': True}}, 'Completion Date': {'id': 'lIzi', 'type': 'date', 'date': {'start': '2025-05-21T16:53:00.000-04:00', 'end': None, 'time_zone': None}}, 'Status FC': {'id': 'ppfL', 'type': 'formula', 'formula': {'type': 'string', 'string': 'green'}}, 'Nature FC': {'id': 'sQNG', 'type': 'formula', 'formula': {'type': 'string', 'string': 'red'}}, 'EventDuration': {'id': 'u_z\\', 'type': 'formula', 'formula': {'type': 'number', 'number': 15}}, 'General Status': {'id': 'wnnA', 'type': 'formula', 'formula': {'type': 'string', 'string': '\u2714 Done -'}}, 'Done?': {'id': 'wwlN', 'type': 'checkbox', 'checkbox': True}, 'Add Sub-tasks': {'id': 'xo:]', 'type': 'relation', 'relation': [], 'has_more': False}, 'Nature BG': {'id': 'yrUL', 'type': 'formula', 'formula': {'type': 'string', 'string': 'red_background'}}, 'GapHours': {'id': 'z>Nf', 'type': 'formula', 'formula': {'type': 'number', 'number': 0}}, 'Event ID': {'id': 'zrQR', 'type': 'rich_text', 'rich_text': [{'type': 'text', 'text': {'content': '35rtkkelj0sd2gbhdvbsnkb3pk', 'link': None}, 'annotations': {'bold': False, 'italic': False, 'strikethrough': False, 'underline': False, 'code': False, 'color': 'default'}, 'plain_text': '35rtkkelj0sd2gbhdvbsnkb3pk', 'href': None}]}, 'Old gap formula': {'id': '{Fp;', 'type': 'formula', 'formula': {'type': 'string', 'string': '\u2705 On schedule'}}, 'Due Date': {'id': '|]Pu', 'type': 'date', 'date': {'start': '2025-05-21T17:00:00.000-04:00', 'end': '2025-05-21T17:15:00.000-04:00', 'time_zone': None}}, 'HasHour': {'id': '}vT<', 'type': 'formula', 'formula': {'type': 'boolean', 'boolean': True}}, 'On GCal?': {'id': '~Kbr', 'type': 'checkbox', 'checkbox': True}, 'GapMinutesEnd': {'id': '~[gt', 'type': 'formula', 'formula': {'type': 'number', 'number': -22}}, 'Task Name': {'id': 'title', 'type': 'title', 'title': [{'type': 'text', 'text': {'content': 'Answer email for group meeting', 'link': None}, 'annotations': {'bold': False, 'italic': False, 'strikethrough': False, 'underline': False, 'code': False, 'color': 'default'}, 'plain_text': 'Answer email for group meeting', 'href': None}]}, 'Description': {'id': 'notion://tasks/description_property', 'type': 'rich_text', 'rich_text': [{'type': 'text', 'text': {'content': ' ', 'link': None}, 'annotations': {'bold': False, 'italic': False, 'strikethrough': False, 'underline': False, 'code': False, 'color': 'default'}, 'plain_text': ' ', 'href': None}]}}, 'url': 'https://www.notion.so/Answer-email-for-group-meeting-1fa7a350bbf0813bb43fe8727875426d', 'public_url': None, 'request_id': 'f3a1a389-9e3c-454a-a669-b178afd744ae'}
2025-05-21 16:54:52,735 - INFO - Starting Sync
2025-05-21 16:54:52,742 - INFO - file_cache is only supported with oauth2client<4.0.0
2025-05-21 16:54:52,746 - DEBUG - URL being requested: GET https://www.googleapis.com/calendar/v3/calendars/b3c903b1ee4cc103e02c7de57b397bd3f0afedd8077555d8242af43061729641%40group.calendar.google.com?alt=json
2025-05-21 16:54:52,746 - DEBUG - Making request: POST https://oauth2.googleapis.com/token
2025-05-21 16:54:54,684 - DEBUG - HTTP Request: POST https://api.notion.com/v1/databases/235f5aaf73f44d15a7faa2f9a2bd8ff7/query "HTTP/1.1 200 OK"
2025-05-21 16:54:54,685 - DEBUG - {'object': 'page', 'id': '1fa7a350-bbf0-813b-b43f-e8727875426d', 'created_time': '2025-05-21T20:52:00.000Z', 'last_edited_time': '2025-05-21T20:54:00.000Z', 'created_by': {'object': 'user', 'id': 'e9aff8a0-7f63-46b8-b4cf-13dcc6516ad5'}, 'last_edited_by': {'object': 'user', 'id': '2d4bcc81-87e5-4813-a900-db17eb0b4e6f'}, 'cover': None, 'icon': None, 'parent': {'type': 'database_id', 'database_id': '235f5aaf-73f4-4d15-a7fa-a2f9a2bd8ff7'}, 'archived': False, 'in_trash': False, 'properties': {'Last Updated Time': {'id': ';>wP', 'type': 'date', 'date': {'start': '2025-05-21T16:52:00.000-04:00', 'end': None, 'time_zone': None}}, 'Done': {'id': ';J~x', 'type': 'button', 'button': {}}, 'GapMinutesStart': {'id': ';l?G', 'type': 'formula', 'formula': {'type': 'number', 'number': -7}}, 'Grade Entered?': {'id': '?Oec', 'type': 'formula', 'formula': {'type': 'boolean', 'boolean': True}}, 'Weighted grade': {'id': 'G[bK', 'type': 'formula', 'formula': {'type': 'number', 'number': 0}}, 'GapDays': {'id': 'KjF{', 'type': 'formula', 'formula': {'type': 'number', 'number': 0}}, 'Assigned To': {'id': 'NWiO', 'type': 'people', 'people': [{'object': 'user', 'id': 'e9aff8a0-7f63-46b8-b4cf-13dcc6516ad5', 'name': 'GCal-Sync', 'avatar_url': None, 'type': 'bot', 'bot': {}}]}, 'Status BG': {'id': 'Tkia', 'type': 'formula', 'formula': {'type': 'string', 'string': 'red_background'}}, 'Calendar ID': {'id': 'UaL~', 'type': 'rich_text', 'rich_text': []}, 'Has Weight?': {'id': 'VYjq', 'type': 'formula', 'formula': {'type': 'boolean', 'boolean': False}}, 'Last Edited Time': {'id': 'Vu>X', 'type': 'last_edited_time', 'last_edited_time': '2025-05-21T20:54:00.000Z'}, 'WithinEvent': {'id': '^@iu', 'type': 'formula', 'formula': {'type': 'boolean', 'boolean': False}}, 'Weekday': {'id': 'a|UL', 'type': 'formula', 'formula': {'type': 'string', 'string': '\U0001f5d3 Wednesday'}}, 'CalendarName': {'id': 'bOJu', 'type': 'formula', 'formula': {'type': 'string', 'string': 'Research'}}, 'HasEndTime': {'id': 'dtYY', 'type': 'formula', 'formula': {'type': 'boolean', 'boolean': True}}, 'Courses': {'id': 'f_Yo', 'type': 'relation', 'relation': [{'id': '1fa7a350-bbf0-80ec-9a04-d60c3c91ecca'}], 'has_more': False}, 'Gap': {'id': 'j:eE', 'type': 'formula', 'formula': {'type': 'string', 'string': '\U0001f389 7 minutes early'}}, 'Status': {'id': 'jskg', 'type': 'status', 'status': {'id': 'vs\\W', 'name': '\u274c To do', 'color': 'red'}}, 'NeedGCalUpdate': {'id': 'kZz~', 'type': 'formula', 'formula': {'type': 'boolean', 'boolean': True}}, 'Completion Date': {'id': 'lIzi', 'type': 'date', 'date': {'start': '2025-05-21T16:53:00.000-04:00', 'end': None, 'time_zone': None}}, 'Status FC': {'id': 'ppfL', 'type': 'formula', 'formula': {'type': 'string', 'string': 'red'}}, 'Nature FC': {'id': 'sQNG', 'type': 'formula', 'formula': {'type': 'string', 'string': 'red'}}, 'EventDuration': {'id': 'u_z\\', 'type': 'formula', 'formula': {'type': 'number', 'number': 15}}, 'General Status': {'id': 'wnnA', 'type': 'formula', 'formula': {'type': 'string', 'string': '\u274c To do -'}}, 'Done?': {'id': 'wwlN', 'type': 'checkbox', 'checkbox': False}, 'Add Sub-tasks': {'id': 'xo:]', 'type': 'relation', 'relation': [], 'has_more': False}, 'Nature BG': {'id': 'yrUL', 'type': 'formula', 'formula': {'type': 'string', 'string': 'red_background'}}, 'GapHours': {'id': 'z>Nf', 'type': 'formula', 'formula': {'type': 'number', 'number': 0}}, 'Event ID': {'id': 'zrQR', 'type': 'rich_text', 'rich_text': []}, 'Old gap formula': {'id': '{Fp;', 'type': 'formula', 'formula': {'type': 'string', 'string': '\u2705 On schedule'}}, 'Due Date': {'id': '|]Pu', 'type': 'date', 'date': {'start': '2025-05-21T17:00:00.000-04:00', 'end': '2025-05-21T17:15:00.000-04:00', 'time_zone': None}}, 'HasHour': {'id': '}vT<', 'type': 'formula', 'formula': {'type': 'boolean', 'boolean': True}}, 'On GCal?': {'id': '~Kbr', 'type': 'checkbox', 'checkbox': False}, 'GapMinutesEnd': {'id': '~[gt', 'type': 'formula', 'formula': {'type': 'number', 'number': -22}}, 'Task Name': {'id': 'title', 'type': 'title', 'title': [{'type': 'text', 'text': {'content': 'Answer email for group meeting', 'link': None}, 'annotations': {'bold': False, 'italic': False, 'strikethrough': False, 'underline': False, 'code': False, 'color': 'default'}, 'plain_text': 'Answer email for group meeting', 'href': None}]}, 'Description': {'id': 'notion://tasks/description_property', 'type': 'rich_text', 'rich_text': [{'type': 'text', 'text': {'content': ' ', 'link': None}, 'annotations': {'bold': False, 'italic': False, 'strikethrough': False, 'underline': False, 'code': False, 'color': 'default'}, 'plain_text': ' ', 'href': None}]}}, 'url': 'https://www.notion.so/Answer-email-for-group-meeting-1fa7a350bbf0813bb43fe8727875426d', 'public_url': None}
2025-05-21 16:54:54,695 - DEBUG - {'object': 'page', 'id': '1fa7a350-bbf0-813b-b43f-e8727875426d', 'created_time': '2025-05-21T20:52:00.000Z', 'last_edited_time': '2025-05-21T20:54:00.000Z', 'created_by': {'object': 'user', 'id': 'e9aff8a0-7f63-46b8-b4cf-13dcc6516ad5'}, 'last_edited_by': {'object': 'user', 'id': '2d4bcc81-87e5-4813-a900-db17eb0b4e6f'}, 'cover': None, 'icon': None, 'parent': {'type': 'database_id', 'database_id': '235f5aaf-73f4-4d15-a7fa-a2f9a2bd8ff7'}, 'archived': False, 'in_trash': False, 'properties': {'Last Updated Time': {'id': ';>wP', 'type': 'date', 'date': {'start': '2025-05-21T16:52:00.000-04:00', 'end': None, 'time_zone': None}}, 'Done': {'id': ';J~x', 'type': 'button', 'button': {}}, 'GapMinutesStart': {'id': ';l?G', 'type': 'formula', 'formula': {'type': 'number', 'number': -7}}, 'Grade Entered?': {'id': '?Oec', 'type': 'formula', 'formula': {'type': 'boolean', 'boolean': True}}, 'Weighted grade': {'id': 'G[bK', 'type': 'formula', 'formula': {'type': 'number', 'number': 0}}, 'GapDays': {'id': 'KjF{', 'type': 'formula', 'formula': {'type': 'number', 'number': 0}}, 'Assigned To': {'id': 'NWiO', 'type': 'people', 'people': [{'object': 'user', 'id': 'e9aff8a0-7f63-46b8-b4cf-13dcc6516ad5', 'name': 'GCal-Sync', 'avatar_url': None, 'type': 'bot', 'bot': {}}]}, 'Status BG': {'id': 'Tkia', 'type': 'formula', 'formula': {'type': 'string', 'string': 'red_background'}}, 'Calendar ID': {'id': 'UaL~', 'type': 'rich_text', 'rich_text': []}, 'Has Weight?': {'id': 'VYjq', 'type': 'formula', 'formula': {'type': 'boolean', 'boolean': False}}, 'Last Edited Time': {'id': 'Vu>X', 'type': 'last_edited_time', 'last_edited_time': '2025-05-21T20:54:00.000Z'}, 'WithinEvent': {'id': '^@iu', 'type': 'formula', 'formula': {'type': 'boolean', 'boolean': False}}, 'Weekday': {'id': 'a|UL', 'type': 'formula', 'formula': {'type': 'string', 'string': '\U0001f5d3 Wednesday'}}, 'CalendarName': {'id': 'bOJu', 'type': 'formula', 'formula': {'type': 'string', 'string': 'Research'}}, 'HasEndTime': {'id': 'dtYY', 'type': 'formula', 'formula': {'type': 'boolean', 'boolean': True}}, 'Courses': {'id': 'f_Yo', 'type': 'relation', 'relation': [{'id': '1fa7a350-bbf0-80ec-9a04-d60c3c91ecca'}], 'has_more': False}, 'Gap': {'id': 'j:eE', 'type': 'formula', 'formula': {'type': 'string', 'string': '\U0001f389 7 minutes early'}}, 'Status': {'id': 'jskg', 'type': 'status', 'status': {'id': 'vs\\W', 'name': '\u274c To do', 'color': 'red'}}, 'NeedGCalUpdate': {'id': 'kZz~', 'type': 'formula', 'formula': {'type': 'boolean', 'boolean': True}}, 'Completion Date': {'id': 'lIzi', 'type': 'date', 'date': {'start': '2025-05-21T16:53:00.000-04:00', 'end': None, 'time_zone': None}}, 'Status FC': {'id': 'ppfL', 'type': 'formula', 'formula': {'type': 'string', 'string': 'red'}}, 'Nature FC': {'id': 'sQNG', 'type': 'formula', 'formula': {'type': 'string', 'string': 'red'}}, 'EventDuration': {'id': 'u_z\\', 'type': 'formula', 'formula': {'type': 'number', 'number': 15}}, 'General Status': {'id': 'wnnA', 'type': 'formula', 'formula': {'type': 'string', 'string': '\u274c To do -'}}, 'Done?': {'id': 'wwlN', 'type': 'checkbox', 'checkbox': False}, 'Add Sub-tasks': {'id': 'xo:]', 'type': 'relation', 'relation': [], 'has_more': False}, 'Nature BG': {'id': 'yrUL', 'type': 'formula', 'formula': {'type': 'string', 'string': 'red_background'}}, 'GapHours': {'id': 'z>Nf', 'type': 'formula', 'formula': {'type': 'number', 'number': 0}}, 'Event ID': {'id': 'zrQR', 'type': 'rich_text', 'rich_text': []}, 'Old gap formula': {'id': '{Fp;', 'type': 'formula', 'formula': {'type': 'string', 'string': '\u2705 On schedule'}}, 'Due Date': {'id': '|]Pu', 'type': 'date', 'date': {'start': '2025-05-21T17:00:00.000-04:00', 'end': '2025-05-21T17:15:00.000-04:00', 'time_zone': None}}, 'HasHour': {'id': '}vT<', 'type': 'formula', 'formula': {'type': 'boolean', 'boolean': True}}, 'On GCal?': {'id': '~Kbr', 'type': 'checkbox', 'checkbox': False}, 'GapMinutesEnd': {'id': '~[gt', 'type': 'formula', 'formula': {'type': 'number', 'number': -22}}, 'Task Name': {'id': 'title', 'type': 'title', 'title': [{'type': 'text', 'text': {'content': 'Answer email for group meeting', 'link': None}, 'annotations': {'bold': False, 'italic': False, 'strikethrough': False, 'underline': False, 'code': False, 'color': 'default'}, 'plain_text': 'Answer email for group meeting', 'href': None}]}, 'Description': {'id': 'notion://tasks/description_property', 'type': 'rich_text', 'rich_text': [{'type': 'text', 'text': {'content': ' ', 'link': None}, 'annotations': {'bold': False, 'italic': False, 'strikethrough': False, 'underline': False, 'code': False, 'color': 'default'}, 'plain_text': ' ', 'href': None}]}}, 'url': 'https://www.notion.so/Answer-email-for-group-meeting-1fa7a350bbf0813bb43fe8727875426d', 'public_url': None}
2025-05-21 16:54:55,028 - DEBUG - HTTP Request: PATCH https://api.notion.com/v1/pages/1fa7a350-bbf0-813b-b43f-e8727875426d "HTTP/1.1 200 OK"
2025-05-21 16:54:55,029 - DEBUG - ['b7a52282f7a24e40065189a7382c1140018cc3b4d2d01813daa9218af3411937@group.calendar.google.com']
2025-05-21 16:54:55,034 - INFO - Adding this event to calendar: Answer email for group meeting
2025-05-21 16:54:55,037 - DEBUG - URL being requested: POST https://www.googleapis.com/calendar/v3/calendars/b7a52282f7a24e40065189a7382c1140018cc3b4d2d01813daa9218af3411937%40group.calendar.google.com/events?alt=json
2025-05-21 16:54:56,498 - DEBUG - HTTP Request: PATCH https://api.notion.com/v1/pages/1fa7a350-bbf0-813b-b43f-e8727875426d "HTTP/1.1 200 OK"
2025-05-21 16:54:56,858 - DEBUG - HTTP Request: POST https://api.notion.com/v1/databases/235f5aaf73f44d15a7faa2f9a2bd8ff7/query "HTTP/1.1 200 OK"
2025-05-21 16:54:57,521 - DEBUG - HTTP Request: POST https://api.notion.com/v1/databases/235f5aaf73f44d15a7faa2f9a2bd8ff7/query "HTTP/1.1 200 OK"
2025-05-21 16:54:57,522 - INFO - Nothing new updated to GCal
2025-05-21 16:54:58,242 - DEBUG - HTTP Request: POST https://api.notion.com/v1/databases/235f5aaf73f44d15a7faa2f9a2bd8ff7/query "HTTP/1.1 200 OK"
2025-05-21 16:54:58,245 - DEBUG - Trying Other things for skdoe1l0ke2uaffb629kcgipds
2025-05-21 16:54:58,249 - DEBUG - URL being requested: GET https://www.googleapis.com/calendar/v3/calendars/b3c903b1ee4cc103e02c7de57b397bd3f0afedd8077555d8242af43061729641%40group.calendar.google.com/events/skdoe1l0ke2uaffb629kcgipds?alt=json
2025-05-21 16:54:58,362 - ERROR - Event not found
2025-05-21 16:54:58,362 - DEBUG - Trying Research for skdoe1l0ke2uaffb629kcgipds
2025-05-21 16:54:58,366 - DEBUG - URL being requested: GET https://www.googleapis.com/calendar/v3/calendars/b7a52282f7a24e40065189a7382c1140018cc3b4d2d01813daa9218af3411937%40group.calendar.google.com/events/skdoe1l0ke2uaffb629kcgipds?alt=json
2025-05-21 16:54:58,504 - DEBUG - {'kind': 'calendar#event', 'etag': '"3495721790793310"', 'id': 'skdoe1l0ke2uaffb629kcgipds', 'status': 'confirmed', 'htmlLink': 'https://www.google.com/calendar/event?eid=c2tkb2UxbDBrZTJ1YWZmYjYyOWtjZ2lwZHMgYjdhNTIyODJmN2EyNGU0MDA2NTE4OWE3MzgyYzExNDAwMThjYzNiNGQyZDAxODEzZGFhOTIxOGFmMzQxMTkzN0Bn', 'created': '2025-05-21T20:54:55.000Z', 'updated': '2025-05-21T20:54:55.396Z', 'summary': 'Answer email for group meeting', 'description': 'Initiative: Research \n ', 'creator': {'email': 'chloelegue@gmail.com'}, 'organizer': {'email': 'b7a52282f7a24e40065189a7382c1140018cc3b4d2d01813daa9218af3411937@group.calendar.google.com', 'displayName': 'Research', 'self': True}, 'start': {'dateTime': '2025-05-21T17:00:00-04:00', 'timeZone': 'America/New_York'}, 'end': {'dateTime': '2025-05-21T17:15:00-04:00', 'timeZone': 'America/New_York'}, 'iCalUID': 'skdoe1l0ke2uaffb629kcgipds@google.com', 'sequence': 0, 'reminders': {'useDefault': True}, 'source': {'url': 'https://www.notion.so/235f5aaf73f44d15a7faa2f9a2bd8ff7?v=849eba754d11487892c5b22c9d22281a&p=1fa7a350bbf0813bb43fe8727875426d', 'title': 'Notion Link'}, 'eventType': 'default'}
2025-05-21 16:54:58,505 - DEBUG - Trying Other things for gu7a7v2v3qipfnm82gn6dsc09c
2025-05-21 16:54:58,511 - DEBUG - URL being requested: GET https://www.googleapis.com/calendar/v3/calendars/b3c903b1ee4cc103e02c7de57b397bd3f0afedd8077555d8242af43061729641%40group.calendar.google.com/events/gu7a7v2v3qipfnm82gn6dsc09c?alt=json
2025-05-21 16:54:58,660 - DEBUG - Trying Research for gu7a7v2v3qipfnm82gn6dsc09c
2025-05-21 16:54:58,666 - DEBUG - URL being requested: GET https://www.googleapis.com/calendar/v3/calendars/b7a52282f7a24e40065189a7382c1140018cc3b4d2d01813daa9218af3411937%40group.calendar.google.com/events/gu7a7v2v3qipfnm82gn6dsc09c?alt=json
2025-05-21 16:54:58,764 - ERROR - Event not found
2025-05-21 16:54:58,764 - DEBUG - {'kind': 'calendar#event', 'etag': '"3495719214831742"', 'id': 'gu7a7v2v3qipfnm82gn6dsc09c', 'status': 'confirmed', 'htmlLink': 'https://www.google.com/calendar/event?eid=Z3U3YTd2MnYzcWlwZm5tODJnbjZkc2MwOWMgYjNjOTAzYjFlZTRjYzEwM2UwMmM3ZGU1N2IzOTdiZDNmMGFmZWRkODA3NzU1NWQ4MjQyYWY0MzA2MTcyOTY0MUBn', 'created': '2025-05-21T20:33:27.000Z', 'updated': '2025-05-21T20:33:27.415Z', 'summary': 'McGill Course Registration', 'description': 'Initiative: Other things \n ', 'creator': {'email': 'chloelegue@gmail.com'}, 'organizer': {'email': 'b3c903b1ee4cc103e02c7de57b397bd3f0afedd8077555d8242af43061729641@group.calendar.google.com', 'displayName': 'Notion Calendar', 'self': True}, 'start': {'dateTime': '2025-05-28T08:20:00-04:00', 'timeZone': 'America/New_York'}, 'end': {'dateTime': '2025-05-28T09:00:00-04:00', 'timeZone': 'America/New_York'}, 'iCalUID': 'gu7a7v2v3qipfnm82gn6dsc09c@google.com', 'sequence': 0, 'reminders': {'useDefault': True}, 'source': {'url': 'https://www.notion.so/235f5aaf73f44d15a7faa2f9a2bd8ff7?v=849eba754d11487892c5b22c9d22281a&p=1fa7a350bbf081989423caee444bd350', 'title': 'Notion Link'}, 'eventType': 'default'}
2025-05-21 16:54:58,765 - DEBUG - Trying Other things for 1gva3lkbgs71k0ocsolv1sqs9o
2025-05-21 16:54:58,769 - DEBUG - URL being requested: GET https://www.googleapis.com/calendar/v3/calendars/b3c903b1ee4cc103e02c7de57b397bd3f0afedd8077555d8242af43061729641%40group.calendar.google.com/events/1gva3lkbgs71k0ocsolv1sqs9o?alt=json
2025-05-21 16:54:58,880 - ERROR - Event not found
2025-05-21 16:54:58,880 - DEBUG - Trying Research for 1gva3lkbgs71k0ocsolv1sqs9o
2025-05-21 16:54:58,899 - DEBUG - URL being requested: GET https://www.googleapis.com/calendar/v3/calendars/b7a52282f7a24e40065189a7382c1140018cc3b4d2d01813daa9218af3411937%40group.calendar.google.com/events/1gva3lkbgs71k0ocsolv1sqs9o?alt=json
2025-05-21 16:54:59,069 - DEBUG - {'kind': 'calendar#event', 'etag': '"3495719222681822"', 'id': '1gva3lkbgs71k0ocsolv1sqs9o', 'status': 'confirmed', 'htmlLink': 'https://www.google.com/calendar/event?eid=MWd2YTNsa2JnczcxazBvY3NvbHYxc3FzOW8gYjdhNTIyODJmN2EyNGU0MDA2NTE4OWE3MzgyYzExNDAwMThjYzNiNGQyZDAxODEzZGFhOTIxOGFmMzQxMTkzN0Bn', 'created': '2025-05-21T20:33:31.000Z', 'updated': '2025-05-21T20:33:31.340Z', 'summary': 'Basecat2 Meeting', 'description': 'Initiative: Research \n ', 'creator': {'email': 'chloelegue@gmail.com'}, 'organizer': {'email': 'b7a52282f7a24e40065189a7382c1140018cc3b4d2d01813daa9218af3411937@group.calendar.google.com', 'displayName': 'Research', 'self': True}, 'start': {'dateTime': '2025-05-26T10:00:00-04:00', 'timeZone': 'America/New_York'}, 'end': {'dateTime': '2025-05-26T11:00:00-04:00', 'timeZone': 'America/New_York'}, 'iCalUID': '1gva3lkbgs71k0ocsolv1sqs9o@google.com', 'sequence': 0, 'reminders': {'useDefault': True}, 'source': {'url': 'https://www.notion.so/235f5aaf73f44d15a7faa2f9a2bd8ff7?v=849eba754d11487892c5b22c9d22281a&p=1fa7a350bbf081e58f97ff78d77994b2', 'title': 'Notion Link'}, 'eventType': 'default'}
2025-05-21 16:54:59,070 - DEBUG - Trying Other things for kcoqq2gpp7f9fdslu8nd52itq0
2025-05-21 16:54:59,075 - DEBUG - URL being requested: GET https://www.googleapis.com/calendar/v3/calendars/b3c903b1ee4cc103e02c7de57b397bd3f0afedd8077555d8242af43061729641%40group.calendar.google.com/events/kcoqq2gpp7f9fdslu8nd52itq0?alt=json
2025-05-21 16:54:59,163 - ERROR - Event not found
2025-05-21 16:54:59,164 - DEBUG - Trying Research for kcoqq2gpp7f9fdslu8nd52itq0
2025-05-21 16:54:59,168 - DEBUG - URL being requested: GET https://www.googleapis.com/calendar/v3/calendars/b7a52282f7a24e40065189a7382c1140018cc3b4d2d01813daa9218af3411937%40group.calendar.google.com/events/kcoqq2gpp7f9fdslu8nd52itq0?alt=json
2025-05-21 16:54:59,331 - DEBUG - {'kind': 'calendar#event', 'etag': '"3495719234843006"', 'id': 'kcoqq2gpp7f9fdslu8nd52itq0', 'status': 'confirmed', 'htmlLink': 'https://www.google.com/calendar/event?eid=a2NvcXEyZ3BwN2Y5ZmRzbHU4bmQ1Mml0cTAgYjdhNTIyODJmN2EyNGU0MDA2NTE4OWE3MzgyYzExNDAwMThjYzNiNGQyZDAxODEzZGFhOTIxOGFmMzQxMTkzN0Bn', 'created': '2025-05-21T20:33:37.000Z', 'updated': '2025-05-21T20:33:37.421Z', 'summary': 'Group Meeting', 'description': 'Research', 'creator': {'email': 'chloelegue@gmail.com'}, 'organizer': {'email': 'b7a52282f7a24e40065189a7382c1140018cc3b4d2d01813daa9218af3411937@group.calendar.google.com', 'displayName': 'Research', 'self': True}, 'start': {'dateTime': '2025-05-22T11:30:00-04:00', 'timeZone': 'America/New_York'}, 'end': {'dateTime': '2025-05-22T13:00:00-04:00', 'timeZone': 'America/New_York'}, 'iCalUID': 'kcoqq2gpp7f9fdslu8nd52itq0@google.com', 'sequence': 0, 'reminders': {'useDefault': True}, 'source': {'url': 'https://www.notion.so/235f5aaf73f44d15a7faa2f9a2bd8ff7?v=849eba754d11487892c5b22c9d22281a&p=1fa7a350bbf080af9ee4fe3a511af813', 'title': 'Notion Link'}, 'eventType': 'default'}
2025-05-21 16:54:59,332 - DEBUG - New Notion Start times: ['', '', '', '']
2025-05-21 16:54:59,332 - DEBUG - New Notion Stop times: ['', '', '', '']
2025-05-21 16:54:59,332 - DEBUG - 2025-05-21 17:00:00 2025-05-21 17:00:00 skdoe1l0ke2uaffb629kcgipds
2025-05-21 16:54:59,332 - DEBUG - 2025-05-28 08:20:00 2025-05-28 08:20:00 gu7a7v2v3qipfnm82gn6dsc09c
2025-05-21 16:54:59,332 - DEBUG - 2025-05-26 10:00:00 2025-05-26 10:00:00 1gva3lkbgs71k0ocsolv1sqs9o
2025-05-21 16:54:59,333 - DEBUG - 2025-05-22 11:30:00 2025-05-22 11:30:00 kcoqq2gpp7f9fdslu8nd52itq0
2025-05-21 16:54:59,333 - DEBUG - ['1fa7a350-bbf0-813b-b43f-e8727875426d', '1fa7a350-bbf0-8198-9423-caee444bd350', '1fa7a350-bbf0-81e5-8f97-ff78d77994b2', '1fa7a350-bbf0-80af-9ee4-fe3a511af813']
2025-05-21 16:54:59,333 - DEBUG - ['Research', 'Other things', 'Research', 'Research']
2025-05-21 16:54:59,333 - DEBUG - GcalId: Research
2025-05-21 16:54:59,333 - DEBUG - 1fa7a350-bbf0-813b-b43f-e8727875426d
2025-05-21 16:54:59,714 - DEBUG - HTTP Request: PATCH https://api.notion.com/v1/pages/1fa7a350-bbf0-813b-b43f-e8727875426d "HTTP/1.1 200 OK"
2025-05-21 16:54:59,715 - DEBUG - GcalId: Other things
2025-05-21 16:54:59,715 - DEBUG - 1fa7a350-bbf0-8198-9423-caee444bd350
2025-05-21 16:55:00,108 - DEBUG - HTTP Request: PATCH https://api.notion.com/v1/pages/1fa7a350-bbf0-8198-9423-caee444bd350 "HTTP/1.1 200 OK"
2025-05-21 16:55:00,109 - DEBUG - GcalId: Research
2025-05-21 16:55:00,110 - DEBUG - 1fa7a350-bbf0-81e5-8f97-ff78d77994b2
2025-05-21 16:55:00,558 - DEBUG - HTTP Request: PATCH https://api.notion.com/v1/pages/1fa7a350-bbf0-81e5-8f97-ff78d77994b2 "HTTP/1.1 200 OK"
2025-05-21 16:55:00,559 - DEBUG - GcalId: Research
2025-05-21 16:55:00,560 - DEBUG - 1fa7a350-bbf0-80af-9ee4-fe3a511af813
2025-05-21 16:55:00,942 - DEBUG - HTTP Request: PATCH https://api.notion.com/v1/pages/1fa7a350-bbf0-80af-9ee4-fe3a511af813 "HTTP/1.1 200 OK"
2025-05-21 16:55:01,487 - DEBUG - HTTP Request: POST https://api.notion.com/v1/databases/235f5aaf73f44d15a7faa2f9a2bd8ff7/query "HTTP/1.1 200 OK"
2025-05-21 16:55:01,790 - DEBUG - HTTP Request: POST https://api.notion.com/v1/databases/235f5aaf73f44d15a7faa2f9a2bd8ff7/query "HTTP/1.1 200 OK"
2025-05-21 16:55:01,793 - DEBUG - URL being requested: GET https://www.googleapis.com/calendar/v3/calendars/b3c903b1ee4cc103e02c7de57b397bd3f0afedd8077555d8242af43061729641%40group.calendar.google.com/events?maxResults=2000&timeMin=2025-05-21T16%3A55%3A01-04%3A00&alt=json
2025-05-21 16:55:02,001 - DEBUG - URL being requested: GET https://www.googleapis.com/calendar/v3/calendars/b7a52282f7a24e40065189a7382c1140018cc3b4d2d01813daa9218af3411937%40group.calendar.google.com/events?maxResults=2000&timeMin=2025-05-21T16%3A55%3A02-04%3A00&alt=json
2025-05-21 16:55:02,183 - DEBUG - [{'kind': 'calendar#event', 'etag': '"3495719214831742"', 'id': 'gu7a7v2v3qipfnm82gn6dsc09c', 'status': 'confirmed', 'htmlLink': 'https://www.google.com/calendar/event?eid=Z3U3YTd2MnYzcWlwZm5tODJnbjZkc2MwOWMgYjNjOTAzYjFlZTRjYzEwM2UwMmM3ZGU1N2IzOTdiZDNmMGFmZWRkODA3NzU1NWQ4MjQyYWY0MzA2MTcyOTY0MUBn', 'created': '2025-05-21T20:33:27.000Z', 'updated': '2025-05-21T20:33:27.415Z', 'summary': 'McGill Course Registration', 'description': 'Initiative: Other things \n ', 'creator': {'email': 'chloelegue@gmail.com'}, 'organizer': {'email': 'b3c903b1ee4cc103e02c7de57b397bd3f0afedd8077555d8242af43061729641@group.calendar.google.com', 'displayName': 'Notion Calendar', 'self': True}, 'start': {'dateTime': '2025-05-28T08:20:00-04:00', 'timeZone': 'America/New_York'}, 'end': {'dateTime': '2025-05-28T09:00:00-04:00', 'timeZone': 'America/New_York'}, 'iCalUID': 'gu7a7v2v3qipfnm82gn6dsc09c@google.com', 'sequence': 0, 'reminders': {'useDefault': True}, 'source': {'url': 'https://www.notion.so/235f5aaf73f44d15a7faa2f9a2bd8ff7?v=849eba754d11487892c5b22c9d22281a&p=1fa7a350bbf081989423caee444bd350', 'title': 'Notion Link'}, 'eventType': 'default'}, {'kind': 'calendar#event', 'etag': '"3495719222681822"', 'id': '1gva3lkbgs71k0ocsolv1sqs9o', 'status': 'confirmed', 'htmlLink': 'https://www.google.com/calendar/event?eid=MWd2YTNsa2JnczcxazBvY3NvbHYxc3FzOW8gYjdhNTIyODJmN2EyNGU0MDA2NTE4OWE3MzgyYzExNDAwMThjYzNiNGQyZDAxODEzZGFhOTIxOGFmMzQxMTkzN0Bn', 'created': '2025-05-21T20:33:31.000Z', 'updated': '2025-05-21T20:33:31.340Z', 'summary': 'Basecat2 Meeting', 'description': 'Initiative: Research \n ', 'creator': {'email': 'chloelegue@gmail.com'}, 'organizer': {'email': 'b7a52282f7a24e40065189a7382c1140018cc3b4d2d01813daa9218af3411937@group.calendar.google.com', 'displayName': 'Research', 'self': True}, 'start': {'dateTime': '2025-05-26T10:00:00-04:00', 'timeZone': 'America/New_York'}, 'end': {'dateTime': '2025-05-26T11:00:00-04:00', 'timeZone': 'America/New_York'}, 'iCalUID': '1gva3lkbgs71k0ocsolv1sqs9o@google.com', 'sequence': 0, 'reminders': {'useDefault': True}, 'source': {'url': 'https://www.notion.so/235f5aaf73f44d15a7faa2f9a2bd8ff7?v=849eba754d11487892c5b22c9d22281a&p=1fa7a350bbf081e58f97ff78d77994b2', 'title': 'Notion Link'}, 'eventType': 'default'}, {'kind': 'calendar#event', 'etag': '"3495719234843006"', 'id': 'kcoqq2gpp7f9fdslu8nd52itq0', 'status': 'confirmed', 'htmlLink': 'https://www.google.com/calendar/event?eid=a2NvcXEyZ3BwN2Y5ZmRzbHU4bmQ1Mml0cTAgYjdhNTIyODJmN2EyNGU0MDA2NTE4OWE3MzgyYzExNDAwMThjYzNiNGQyZDAxODEzZGFhOTIxOGFmMzQxMTkzN0Bn', 'created': '2025-05-21T20:33:37.000Z', 'updated': '2025-05-21T20:33:37.421Z', 'summary': 'Group Meeting', 'description': 'Research', 'creator': {'email': 'chloelegue@gmail.com'}, 'organizer': {'email': 'b7a52282f7a24e40065189a7382c1140018cc3b4d2d01813daa9218af3411937@group.calendar.google.com', 'displayName': 'Research', 'self': True}, 'start': {'dateTime': '2025-05-22T11:30:00-04:00', 'timeZone': 'America/New_York'}, 'end': {'dateTime': '2025-05-22T13:00:00-04:00', 'timeZone': 'America/New_York'}, 'iCalUID': 'kcoqq2gpp7f9fdslu8nd52itq0@google.com', 'sequence': 0, 'reminders': {'useDefault': True}, 'source': {'url': 'https://www.notion.so/235f5aaf73f44d15a7faa2f9a2bd8ff7?v=849eba754d11487892c5b22c9d22281a&p=1fa7a350bbf080af9ee4fe3a511af813', 'title': 'Notion Link'}, 'eventType': 'default'}, {'kind': 'calendar#event', 'etag': '"3495721790793310"', 'id': 'skdoe1l0ke2uaffb629kcgipds', 'status': 'confirmed', 'htmlLink': 'https://www.google.com/calendar/event?eid=c2tkb2UxbDBrZTJ1YWZmYjYyOWtjZ2lwZHMgYjdhNTIyODJmN2EyNGU0MDA2NTE4OWE3MzgyYzExNDAwMThjYzNiNGQyZDAxODEzZGFhOTIxOGFmMzQxMTkzN0Bn', 'created': '2025-05-21T20:54:55.000Z', 'updated': '2025-05-21T20:54:55.396Z', 'summary': 'Answer email for group meeting', 'description': 'Initiative: Research \n ', 'creator': {'email': 'chloelegue@gmail.com'}, 'organizer': {'email': 'b7a52282f7a24e40065189a7382c1140018cc3b4d2d01813daa9218af3411937@group.calendar.google.com', 'displayName': 'Research', 'self': True}, 'start': {'dateTime': '2025-05-21T17:00:00-04:00', 'timeZone': 'America/New_York'}, 'end': {'dateTime': '2025-05-21T17:15:00-04:00', 'timeZone': 'America/New_York'}, 'iCalUID': 'skdoe1l0ke2uaffb629kcgipds@google.com', 'sequence': 0, 'reminders': {'useDefault': True}, 'source': {'url': 'https://www.notion.so/235f5aaf73f44d15a7faa2f9a2bd8ff7?v=849eba754d11487892c5b22c9d22281a&p=1fa7a350bbf0813bb43fe8727875426d', 'title': 'Notion Link'}, 'eventType': 'default'}]
2025-05-21 16:55:02,485 - DEBUG - HTTP Request: POST https://api.notion.com/v1/databases/235f5aaf73f44d15a7faa2f9a2bd8ff7/query "HTTP/1.1 200 OK"
2025-05-21 16:55:17,887 - INFO - Starting Sync
2025-05-21 16:55:17,892 - INFO - file_cache is only supported with oauth2client<4.0.0
2025-05-21 16:55:17,895 - DEBUG - URL being requested: GET https://www.googleapis.com/calendar/v3/calendars/b3c903b1ee4cc103e02c7de57b397bd3f0afedd8077555d8242af43061729641%40group.calendar.google.com?alt=json
2025-05-21 16:55:17,895 - DEBUG - Making request: POST https://oauth2.googleapis.com/token
2025-05-21 16:55:20,823 - DEBUG - HTTP Request: POST https://api.notion.com/v1/databases/235f5aaf73f44d15a7faa2f9a2bd8ff7/query "HTTP/1.1 200 OK"
2025-05-21 16:55:20,825 - DEBUG - 
2025-05-21 16:55:20,825 - INFO - Nothing new added to GCal
2025-05-21 16:55:21,064 - DEBUG - HTTP Request: POST https://api.notion.com/v1/databases/235f5aaf73f44d15a7faa2f9a2bd8ff7/query "HTTP/1.1 200 OK"
2025-05-21 16:55:21,323 - DEBUG - HTTP Request: POST https://api.notion.com/v1/databases/235f5aaf73f44d15a7faa2f9a2bd8ff7/query "HTTP/1.1 200 OK"
2025-05-21 16:55:21,325 - INFO - Nothing new updated to GCal
2025-05-21 16:55:22,346 - DEBUG - HTTP Request: POST https://api.notion.com/v1/databases/235f5aaf73f44d15a7faa2f9a2bd8ff7/query "HTTP/1.1 200 OK"
2025-05-21 16:55:22,387 - DEBUG - Trying Other things for gu7a7v2v3qipfnm82gn6dsc09c
2025-05-21 16:55:22,391 - DEBUG - URL being requested: GET https://www.googleapis.com/calendar/v3/calendars/b3c903b1ee4cc103e02c7de57b397bd3f0afedd8077555d8242af43061729641%40group.calendar.google.com/events/gu7a7v2v3qipfnm82gn6dsc09c?alt=json
2025-05-21 16:55:22,579 - DEBUG - Trying Research for gu7a7v2v3qipfnm82gn6dsc09c
2025-05-21 16:55:22,584 - DEBUG - URL being requested: GET https://www.googleapis.com/calendar/v3/calendars/b7a52282f7a24e40065189a7382c1140018cc3b4d2d01813daa9218af3411937%40group.calendar.google.com/events/gu7a7v2v3qipfnm82gn6dsc09c?alt=json
2025-05-21 16:55:22,711 - ERROR - Event not found
2025-05-21 16:55:22,711 - DEBUG - {'kind': 'calendar#event', 'etag': '"3495719214831742"', 'id': 'gu7a7v2v3qipfnm82gn6dsc09c', 'status': 'confirmed', 'htmlLink': 'https://www.google.com/calendar/event?eid=Z3U3YTd2MnYzcWlwZm5tODJnbjZkc2MwOWMgYjNjOTAzYjFlZTRjYzEwM2UwMmM3ZGU1N2IzOTdiZDNmMGFmZWRkODA3NzU1NWQ4MjQyYWY0MzA2MTcyOTY0MUBn', 'created': '2025-05-21T20:33:27.000Z', 'updated': '2025-05-21T20:33:27.415Z', 'summary': 'McGill Course Registration', 'description': 'Initiative: Other things \n ', 'creator': {'email': 'chloelegue@gmail.com'}, 'organizer': {'email': 'b3c903b1ee4cc103e02c7de57b397bd3f0afedd8077555d8242af43061729641@group.calendar.google.com', 'displayName': 'Notion Calendar', 'self': True}, 'start': {'dateTime': '2025-05-28T08:20:00-04:00', 'timeZone': 'America/New_York'}, 'end': {'dateTime': '2025-05-28T09:00:00-04:00', 'timeZone': 'America/New_York'}, 'iCalUID': 'gu7a7v2v3qipfnm82gn6dsc09c@google.com', 'sequence': 0, 'reminders': {'useDefault': True}, 'source': {'url': 'https://www.notion.so/235f5aaf73f44d15a7faa2f9a2bd8ff7?v=849eba754d11487892c5b22c9d22281a&p=1fa7a350bbf081989423caee444bd350', 'title': 'Notion Link'}, 'eventType': 'default'}
2025-05-21 16:55:22,711 - DEBUG - Trying Other things for 1gva3lkbgs71k0ocsolv1sqs9o
2025-05-21 16:55:22,714 - DEBUG - URL being requested: GET https://www.googleapis.com/calendar/v3/calendars/b3c903b1ee4cc103e02c7de57b397bd3f0afedd8077555d8242af43061729641%40group.calendar.google.com/events/1gva3lkbgs71k0ocsolv1sqs9o?alt=json
2025-05-21 16:55:22,823 - ERROR - Event not found
2025-05-21 16:55:22,824 - DEBUG - Trying Research for 1gva3lkbgs71k0ocsolv1sqs9o
2025-05-21 16:55:22,830 - DEBUG - URL being requested: GET https://www.googleapis.com/calendar/v3/calendars/b7a52282f7a24e40065189a7382c1140018cc3b4d2d01813daa9218af3411937%40group.calendar.google.com/events/1gva3lkbgs71k0ocsolv1sqs9o?alt=json
2025-05-21 16:55:22,973 - DEBUG - {'kind': 'calendar#event', 'etag': '"3495719222681822"', 'id': '1gva3lkbgs71k0ocsolv1sqs9o', 'status': 'confirmed', 'htmlLink': 'https://www.google.com/calendar/event?eid=MWd2YTNsa2JnczcxazBvY3NvbHYxc3FzOW8gYjdhNTIyODJmN2EyNGU0MDA2NTE4OWE3MzgyYzExNDAwMThjYzNiNGQyZDAxODEzZGFhOTIxOGFmMzQxMTkzN0Bn', 'created': '2025-05-21T20:33:31.000Z', 'updated': '2025-05-21T20:33:31.340Z', 'summary': 'Basecat2 Meeting', 'description': 'Initiative: Research \n ', 'creator': {'email': 'chloelegue@gmail.com'}, 'organizer': {'email': 'b7a52282f7a24e40065189a7382c1140018cc3b4d2d01813daa9218af3411937@group.calendar.google.com', 'displayName': 'Research', 'self': True}, 'start': {'dateTime': '2025-05-26T10:00:00-04:00', 'timeZone': 'America/New_York'}, 'end': {'dateTime': '2025-05-26T11:00:00-04:00', 'timeZone': 'America/New_York'}, 'iCalUID': '1gva3lkbgs71k0ocsolv1sqs9o@google.com', 'sequence': 0, 'reminders': {'useDefault': True}, 'source': {'url': 'https://www.notion.so/235f5aaf73f44d15a7faa2f9a2bd8ff7?v=849eba754d11487892c5b22c9d22281a&p=1fa7a350bbf081e58f97ff78d77994b2', 'title': 'Notion Link'}, 'eventType': 'default'}
2025-05-21 16:55:22,974 - DEBUG - Trying Other things for kcoqq2gpp7f9fdslu8nd52itq0
2025-05-21 16:55:22,978 - DEBUG - URL being requested: GET https://www.googleapis.com/calendar/v3/calendars/b3c903b1ee4cc103e02c7de57b397bd3f0afedd8077555d8242af43061729641%40group.calendar.google.com/events/kcoqq2gpp7f9fdslu8nd52itq0?alt=json
2025-05-21 16:55:23,084 - ERROR - Event not found
2025-05-21 16:55:23,085 - DEBUG - Trying Research for kcoqq2gpp7f9fdslu8nd52itq0
2025-05-21 16:55:23,090 - DEBUG - URL being requested: GET https://www.googleapis.com/calendar/v3/calendars/b7a52282f7a24e40065189a7382c1140018cc3b4d2d01813daa9218af3411937%40group.calendar.google.com/events/kcoqq2gpp7f9fdslu8nd52itq0?alt=json
2025-05-21 16:55:23,252 - DEBUG - {'kind': 'calendar#event', 'etag': '"3495719234843006"', 'id': 'kcoqq2gpp7f9fdslu8nd52itq0', 'status': 'confirmed', 'htmlLink': 'https://www.google.com/calendar/event?eid=a2NvcXEyZ3BwN2Y5ZmRzbHU4bmQ1Mml0cTAgYjdhNTIyODJmN2EyNGU0MDA2NTE4OWE3MzgyYzExNDAwMThjYzNiNGQyZDAxODEzZGFhOTIxOGFmMzQxMTkzN0Bn', 'created': '2025-05-21T20:33:37.000Z', 'updated': '2025-05-21T20:33:37.421Z', 'summary': 'Group Meeting', 'description': 'Research', 'creator': {'email': 'chloelegue@gmail.com'}, 'organizer': {'email': 'b7a52282f7a24e40065189a7382c1140018cc3b4d2d01813daa9218af3411937@group.calendar.google.com', 'displayName': 'Research', 'self': True}, 'start': {'dateTime': '2025-05-22T11:30:00-04:00', 'timeZone': 'America/New_York'}, 'end': {'dateTime': '2025-05-22T13:00:00-04:00', 'timeZone': 'America/New_York'}, 'iCalUID': 'kcoqq2gpp7f9fdslu8nd52itq0@google.com', 'sequence': 0, 'reminders': {'useDefault': True}, 'source': {'url': 'https://www.notion.so/235f5aaf73f44d15a7faa2f9a2bd8ff7?v=849eba754d11487892c5b22c9d22281a&p=1fa7a350bbf080af9ee4fe3a511af813', 'title': 'Notion Link'}, 'eventType': 'default'}
2025-05-21 16:55:23,252 - DEBUG - New Notion Start times: ['', '', '']
2025-05-21 16:55:23,252 - DEBUG - New Notion Stop times: ['', '', '']
2025-05-21 16:55:23,252 - DEBUG - 2025-05-28 08:20:00 2025-05-28 08:20:00 gu7a7v2v3qipfnm82gn6dsc09c
2025-05-21 16:55:23,252 - DEBUG - 2025-05-26 10:00:00 2025-05-26 10:00:00 1gva3lkbgs71k0ocsolv1sqs9o
2025-05-21 16:55:23,252 - DEBUG - 2025-05-22 11:30:00 2025-05-22 11:30:00 kcoqq2gpp7f9fdslu8nd52itq0
2025-05-21 16:55:23,252 - DEBUG - ['1fa7a350-bbf0-8198-9423-caee444bd350', '1fa7a350-bbf0-81e5-8f97-ff78d77994b2', '1fa7a350-bbf0-80af-9ee4-fe3a511af813']
2025-05-21 16:55:23,252 - DEBUG - ['Other things', 'Research', 'Research']
2025-05-21 16:55:23,252 - DEBUG - GcalId: Other things
2025-05-21 16:55:23,252 - DEBUG - 1fa7a350-bbf0-8198-9423-caee444bd350
2025-05-21 16:55:23,731 - DEBUG - HTTP Request: PATCH https://api.notion.com/v1/pages/1fa7a350-bbf0-8198-9423-caee444bd350 "HTTP/1.1 200 OK"
2025-05-21 16:55:23,732 - DEBUG - GcalId: Research
2025-05-21 16:55:23,732 - DEBUG - 1fa7a350-bbf0-81e5-8f97-ff78d77994b2
2025-05-21 16:55:24,229 - DEBUG - HTTP Request: PATCH https://api.notion.com/v1/pages/1fa7a350-bbf0-81e5-8f97-ff78d77994b2 "HTTP/1.1 200 OK"
2025-05-21 16:55:24,247 - DEBUG - GcalId: Research
2025-05-21 16:55:24,247 - DEBUG - 1fa7a350-bbf0-80af-9ee4-fe3a511af813
2025-05-21 16:55:25,013 - DEBUG - HTTP Request: PATCH https://api.notion.com/v1/pages/1fa7a350-bbf0-80af-9ee4-fe3a511af813 "HTTP/1.1 200 OK"
2025-05-21 16:55:25,294 - DEBUG - HTTP Request: POST https://api.notion.com/v1/databases/235f5aaf73f44d15a7faa2f9a2bd8ff7/query "HTTP/1.1 200 OK"
2025-05-21 16:55:25,858 - DEBUG - HTTP Request: POST https://api.notion.com/v1/databases/235f5aaf73f44d15a7faa2f9a2bd8ff7/query "HTTP/1.1 200 OK"
2025-05-21 16:55:25,862 - DEBUG - URL being requested: GET https://www.googleapis.com/calendar/v3/calendars/b3c903b1ee4cc103e02c7de57b397bd3f0afedd8077555d8242af43061729641%40group.calendar.google.com/events?maxResults=2000&timeMin=2025-05-21T16%3A55%3A25-04%3A00&alt=json
2025-05-21 16:55:26,056 - DEBUG - URL being requested: GET https://www.googleapis.com/calendar/v3/calendars/b7a52282f7a24e40065189a7382c1140018cc3b4d2d01813daa9218af3411937%40group.calendar.google.com/events?maxResults=2000&timeMin=2025-05-21T16%3A55%3A26-04%3A00&alt=json
2025-05-21 16:55:26,220 - DEBUG - [{'kind': 'calendar#event', 'etag': '"3495719214831742"', 'id': 'gu7a7v2v3qipfnm82gn6dsc09c', 'status': 'confirmed', 'htmlLink': 'https://www.google.com/calendar/event?eid=Z3U3YTd2MnYzcWlwZm5tODJnbjZkc2MwOWMgYjNjOTAzYjFlZTRjYzEwM2UwMmM3ZGU1N2IzOTdiZDNmMGFmZWRkODA3NzU1NWQ4MjQyYWY0MzA2MTcyOTY0MUBn', 'created': '2025-05-21T20:33:27.000Z', 'updated': '2025-05-21T20:33:27.415Z', 'summary': 'McGill Course Registration', 'description': 'Initiative: Other things \n ', 'creator': {'email': 'chloelegue@gmail.com'}, 'organizer': {'email': 'b3c903b1ee4cc103e02c7de57b397bd3f0afedd8077555d8242af43061729641@group.calendar.google.com', 'displayName': 'Notion Calendar', 'self': True}, 'start': {'dateTime': '2025-05-28T08:20:00-04:00', 'timeZone': 'America/New_York'}, 'end': {'dateTime': '2025-05-28T09:00:00-04:00', 'timeZone': 'America/New_York'}, 'iCalUID': 'gu7a7v2v3qipfnm82gn6dsc09c@google.com', 'sequence': 0, 'reminders': {'useDefault': True}, 'source': {'url': 'https://www.notion.so/235f5aaf73f44d15a7faa2f9a2bd8ff7?v=849eba754d11487892c5b22c9d22281a&p=1fa7a350bbf081989423caee444bd350', 'title': 'Notion Link'}, 'eventType': 'default'}, {'kind': 'calendar#event', 'etag': '"3495719222681822"', 'id': '1gva3lkbgs71k0ocsolv1sqs9o', 'status': 'confirmed', 'htmlLink': 'https://www.google.com/calendar/event?eid=MWd2YTNsa2JnczcxazBvY3NvbHYxc3FzOW8gYjdhNTIyODJmN2EyNGU0MDA2NTE4OWE3MzgyYzExNDAwMThjYzNiNGQyZDAxODEzZGFhOTIxOGFmMzQxMTkzN0Bn', 'created': '2025-05-21T20:33:31.000Z', 'updated': '2025-05-21T20:33:31.340Z', 'summary': 'Basecat2 Meeting', 'description': 'Initiative: Research \n ', 'creator': {'email': 'chloelegue@gmail.com'}, 'organizer': {'email': 'b7a52282f7a24e40065189a7382c1140018cc3b4d2d01813daa9218af3411937@group.calendar.google.com', 'displayName': 'Research', 'self': True}, 'start': {'dateTime': '2025-05-26T10:00:00-04:00', 'timeZone': 'America/New_York'}, 'end': {'dateTime': '2025-05-26T11:00:00-04:00', 'timeZone': 'America/New_York'}, 'iCalUID': '1gva3lkbgs71k0ocsolv1sqs9o@google.com', 'sequence': 0, 'reminders': {'useDefault': True}, 'source': {'url': 'https://www.notion.so/235f5aaf73f44d15a7faa2f9a2bd8ff7?v=849eba754d11487892c5b22c9d22281a&p=1fa7a350bbf081e58f97ff78d77994b2', 'title': 'Notion Link'}, 'eventType': 'default'}, {'kind': 'calendar#event', 'etag': '"3495719234843006"', 'id': 'kcoqq2gpp7f9fdslu8nd52itq0', 'status': 'confirmed', 'htmlLink': 'https://www.google.com/calendar/event?eid=a2NvcXEyZ3BwN2Y5ZmRzbHU4bmQ1Mml0cTAgYjdhNTIyODJmN2EyNGU0MDA2NTE4OWE3MzgyYzExNDAwMThjYzNiNGQyZDAxODEzZGFhOTIxOGFmMzQxMTkzN0Bn', 'created': '2025-05-21T20:33:37.000Z', 'updated': '2025-05-21T20:33:37.421Z', 'summary': 'Group Meeting', 'description': 'Research', 'creator': {'email': 'chloelegue@gmail.com'}, 'organizer': {'email': 'b7a52282f7a24e40065189a7382c1140018cc3b4d2d01813daa9218af3411937@group.calendar.google.com', 'displayName': 'Research', 'self': True}, 'start': {'dateTime': '2025-05-22T11:30:00-04:00', 'timeZone': 'America/New_York'}, 'end': {'dateTime': '2025-05-22T13:00:00-04:00', 'timeZone': 'America/New_York'}, 'iCalUID': 'kcoqq2gpp7f9fdslu8nd52itq0@google.com', 'sequence': 0, 'reminders': {'useDefault': True}, 'source': {'url': 'https://www.notion.so/235f5aaf73f44d15a7faa2f9a2bd8ff7?v=849eba754d11487892c5b22c9d22281a&p=1fa7a350bbf080af9ee4fe3a511af813', 'title': 'Notion Link'}, 'eventType': 'default'}, {'kind': 'calendar#event', 'etag': '"3495721790793310"', 'id': 'skdoe1l0ke2uaffb629kcgipds', 'status': 'confirmed', 'htmlLink': 'https://www.google.com/calendar/event?eid=c2tkb2UxbDBrZTJ1YWZmYjYyOWtjZ2lwZHMgYjdhNTIyODJmN2EyNGU0MDA2NTE4OWE3MzgyYzExNDAwMThjYzNiNGQyZDAxODEzZGFhOTIxOGFmMzQxMTkzN0Bn', 'created': '2025-05-21T20:54:55.000Z', 'updated': '2025-05-21T20:54:55.396Z', 'summary': 'Answer email for group meeting', 'description': 'Initiative: Research \n ', 'creator': {'email': 'chloelegue@gmail.com'}, 'organizer': {'email': 'b7a52282f7a24e40065189a7382c1140018cc3b4d2d01813daa9218af3411937@group.calendar.google.com', 'displayName': 'Research', 'self': True}, 'start': {'dateTime': '2025-05-21T17:00:00-04:00', 'timeZone': 'America/New_York'}, 'end': {'dateTime': '2025-05-21T17:15:00-04:00', 'timeZone': 'America/New_York'}, 'iCalUID': 'skdoe1l0ke2uaffb629kcgipds@google.com', 'sequence': 0, 'reminders': {'useDefault': True}, 'source': {'url': 'https://www.notion.so/235f5aaf73f44d15a7faa2f9a2bd8ff7?v=849eba754d11487892c5b22c9d22281a&p=1fa7a350bbf0813bb43fe8727875426d', 'title': 'Notion Link'}, 'eventType': 'default'}]
2025-05-21 16:55:26,613 - DEBUG - HTTP Request: POST https://api.notion.com/v1/databases/235f5aaf73f44d15a7faa2f9a2bd8ff7/query "HTTP/1.1 200 OK"
2025-05-21 17:04:04,789 - INFO - Starting Sync
2025-05-21 17:04:13,194 - INFO - Starting Sync
2025-05-21 17:04:27,050 - INFO - Starting Sync
